2026-05-12 14:23:57 [main] INFO  c.c.k.KnowledgeServiceApplication - Starting KnowledgeServiceApplication v0.0.1-SNAPSHOT using Java 21.0.10 with PID 10240 (/Users/abhidhabmellwyn/Downloads/Services/knowledge_service/target/knowledge-service-0.0.1-SNAPSHOT.jar started by abhidhabmellwyn in /Users/abhidhabmellwyn/Downloads/Services/knowledge_service)
2026-05-12 14:23:57 [main] DEBUG c.c.k.KnowledgeServiceApplication - Running with Spring Boot v3.2.0, Spring v6.1.1
2026-05-12 14:23:57 [main] INFO  c.c.k.KnowledgeServiceApplication - The following 1 profile is active: "local"
2026-05-12 14:23:58 [main] INFO  o.s.d.r.c.RepositoryConfigurationDelegate - Bootstrapping Spring Data JPA repositories in DEFAULT mode.
2026-05-12 14:23:58 [main] INFO  o.s.d.r.c.RepositoryConfigurationDelegate - Finished Spring Data repository scanning in 52 ms. Found 7 JPA repository interfaces.
2026-05-12 14:23:59 [main] INFO  o.s.b.w.e.tomcat.TomcatWebServer - Tomcat initialized with port 8085 (http)
2026-05-12 14:23:59 [main] INFO  o.a.catalina.core.StandardService - Starting service [Tomcat]
2026-05-12 14:23:59 [main] INFO  o.a.catalina.core.StandardEngine - Starting Servlet engine: [Apache Tomcat/10.1.16]
2026-05-12 14:23:59 [main] INFO  o.a.c.c.C.[Tomcat].[localhost].[/] - Initializing Spring embedded WebApplicationContext
2026-05-12 14:23:59 [main] INFO  o.s.b.w.s.c.ServletWebServerApplicationContext - Root WebApplicationContext: initialization completed in 1990 ms
2026-05-12 14:23:59 [main] DEBUG c.c.k.s.JwtAuthenticationFilter - Filter 'jwtAuthenticationFilter' configured for use
2026-05-12 14:23:59 [main] INFO  o.h.jpa.internal.util.LogHelper - HHH000204: Processing PersistenceUnitInfo [name: default]
2026-05-12 14:23:59 [main] INFO  org.hibernate.Version - HHH000412: Hibernate ORM core version 6.3.1.Final
2026-05-12 14:23:59 [main] INFO  o.h.c.i.RegionFactoryInitiator - HHH000026: Second-level cache disabled
2026-05-12 14:24:00 [main] INFO  o.s.o.j.p.SpringPersistenceUnitInfo - No LoadTimeWeaver setup: ignoring JPA class transformer
2026-05-12 14:24:00 [main] INFO  com.zaxxer.hikari.HikariDataSource - HikariPool-1 - Starting...
2026-05-12 14:24:00 [main] INFO  com.zaxxer.hikari.pool.HikariPool - HikariPool-1 - Added connection org.postgresql.jdbc.PgConnection@2459333a
2026-05-12 14:24:00 [main] INFO  com.zaxxer.hikari.HikariDataSource - HikariPool-1 - Start completed.
2026-05-12 14:24:00 [main] WARN  org.hibernate.orm.deprecation - HHH90000025: PostgreSQLDialect does not need to be specified explicitly using 'hibernate.dialect' (remove the property setting and it will be selected by default)
2026-05-12 14:24:01 [main] INFO  o.h.e.t.j.p.i.JtaPlatformInitiator - HHH000489: No JTA platform available (set 'hibernate.transaction.jta.platform' to enable JTA platform integration)
2026-05-12 14:24:01 [main] INFO  o.s.o.j.LocalContainerEntityManagerFactoryBean - Initialized JPA EntityManagerFactory for persistence unit 'default'
2026-05-12 14:24:01 [main] INFO  o.s.d.j.r.query.QueryEnhancerFactory - Hibernate is in classpath; If applicable, HQL parser will be used.
2026-05-12 14:24:02 [main] WARN  o.s.b.a.o.j.JpaBaseConfiguration$JpaWebConfiguration - spring.jpa.open-in-view is enabled by default. Therefore, database queries may be performed during view rendering. Explicitly configure spring.jpa.open-in-view to disable this warning
2026-05-12 14:24:02 [main] WARN  o.s.b.a.s.s.UserDetailsServiceAutoConfiguration - 

Using generated security password: 5f78ec36-cc68-4a22-a064-c27d5ec7270c

This generated password is for development use only. Your security configuration must be updated before running your application in production.

2026-05-12 14:24:03 [main] INFO  o.s.b.a.e.web.EndpointLinksResolver - Exposing 3 endpoint(s) beneath base path '/actuator'
2026-05-12 14:24:03 [main] INFO  o.s.s.web.DefaultSecurityFilterChain - Will secure any request with [org.springframework.security.web.session.DisableEncodeUrlFilter@6eecd951, org.springframework.security.web.context.request.async.WebAsyncManagerIntegrationFilter@1ad25670, org.springframework.security.web.context.SecurityContextHolderFilter@4c6c2473, org.springframework.security.web.header.HeaderWriterFilter@69bd4edb, org.springframework.web.filter.CorsFilter@3a766cbf, org.springframework.security.web.authentication.logout.LogoutFilter@6b5b5f94, com.cognizant.knowledge_service.security.JwtAuthenticationFilter@118cbded, org.springframework.security.web.savedrequest.RequestCacheAwareFilter@7419c8e2, org.springframework.security.web.servletapi.SecurityContextHolderAwareRequestFilter@3a87c694, org.springframework.security.web.authentication.AnonymousAuthenticationFilter@1d6545c5, org.springframework.security.web.session.SessionManagementFilter@71fcdd48, org.springframework.security.web.access.ExceptionTranslationFilter@7bd7012d, org.springframework.security.web.access.intercept.AuthorizationFilter@47d0ee5b]
2026-05-12 14:24:04 [main] INFO  o.s.b.w.e.tomcat.TomcatWebServer - Tomcat started on port 8085 (http) with context path ''
2026-05-12 14:24:04 [main] INFO  o.a.k.c.consumer.ConsumerConfig - ConsumerConfig values: 
	allow.auto.create.topics = true
	auto.commit.interval.ms = 5000
	auto.include.jmx.reporter = true
	auto.offset.reset = earliest
	bootstrap.servers = [localhost:9092]
	check.crcs = true
	client.dns.lookup = use_all_dns_ips
	client.id = consumer-knowledge-service-group-1
	client.rack = 
	connections.max.idle.ms = 540000
	default.api.timeout.ms = 60000
	enable.auto.commit = false
	exclude.internal.topics = true
	fetch.max.bytes = 52428800
	fetch.max.wait.ms = 500
	fetch.min.bytes = 1
	group.id = knowledge-service-group
	group.instance.id = null
	heartbeat.interval.ms = 3000
	interceptor.classes = []
	internal.leave.group.on.close = true
	internal.throw.on.fetch.stable.offset.unsupported = false
	isolation.level = read_uncommitted
	key.deserializer = class org.apache.kafka.common.serialization.StringDeserializer
	max.partition.fetch.bytes = 1048576
	max.poll.interval.ms = 300000
	max.poll.records = 500
	metadata.max.age.ms = 300000
	metric.reporters = []
	metrics.num.samples = 2
	metrics.recording.level = INFO
	metrics.sample.window.ms = 30000
	partition.assignment.strategy = [class org.apache.kafka.clients.consumer.RangeAssignor, class org.apache.kafka.clients.consumer.CooperativeStickyAssignor]
	receive.buffer.bytes = 65536
	reconnect.backoff.max.ms = 1000
	reconnect.backoff.ms = 50
	request.timeout.ms = 30000
	retry.backoff.ms = 100
	sasl.client.callback.handler.class = null
	sasl.jaas.config = null
	sasl.kerberos.kinit.cmd = /usr/bin/kinit
	sasl.kerberos.min.time.before.relogin = 60000
	sasl.kerberos.service.name = null
	sasl.kerberos.ticket.renew.jitter = 0.05
	sasl.kerberos.ticket.renew.window.factor = 0.8
	sasl.login.callback.handler.class = null
	sasl.login.class = null
	sasl.login.connect.timeout.ms = null
	sasl.login.read.timeout.ms = null
	sasl.login.refresh.buffer.seconds = 300
	sasl.login.refresh.min.period.seconds = 60
	sasl.login.refresh.window.factor = 0.8
	sasl.login.refresh.window.jitter = 0.05
	sasl.login.retry.backoff.max.ms = 10000
	sasl.login.retry.backoff.ms = 100
	sasl.mechanism = GSSAPI
	sasl.oauthbearer.clock.skew.seconds = 30
	sasl.oauthbearer.expected.audience = null
	sasl.oauthbearer.expected.issuer = null
	sasl.oauthbearer.jwks.endpoint.refresh.ms = 3600000
	sasl.oauthbearer.jwks.endpoint.retry.backoff.max.ms = 10000
	sasl.oauthbearer.jwks.endpoint.retry.backoff.ms = 100
	sasl.oauthbearer.jwks.endpoint.url = null
	sasl.oauthbearer.scope.claim.name = scope
	sasl.oauthbearer.sub.claim.name = sub
	sasl.oauthbearer.token.endpoint.url = null
	security.protocol = PLAINTEXT
	security.providers = null
	send.buffer.bytes = 131072
	session.timeout.ms = 45000
	socket.connection.setup.timeout.max.ms = 30000
	socket.connection.setup.timeout.ms = 10000
	ssl.cipher.suites = null
	ssl.enabled.protocols = [TLSv1.2, TLSv1.3]
	ssl.endpoint.identification.algorithm = https
	ssl.engine.factory.class = null
	ssl.key.password = null
	ssl.keymanager.algorithm = SunX509
	ssl.keystore.certificate.chain = null
	ssl.keystore.key = null
	ssl.keystore.location = null
	ssl.keystore.password = null
	ssl.keystore.type = JKS
	ssl.protocol = TLSv1.3
	ssl.provider = null
	ssl.secure.random.implementation = null
	ssl.trustmanager.algorithm = PKIX
	ssl.truststore.certificates = null
	ssl.truststore.location = null
	ssl.truststore.password = null
	ssl.truststore.type = JKS
	value.deserializer = class org.springframework.kafka.support.serializer.ErrorHandlingDeserializer

2026-05-12 14:24:04 [main] INFO  o.a.kafka.common.utils.AppInfoParser - Kafka version: 3.6.0
2026-05-12 14:24:04 [main] INFO  o.a.kafka.common.utils.AppInfoParser - Kafka commitId: 60e845626d8a465a
2026-05-12 14:24:04 [main] INFO  o.a.kafka.common.utils.AppInfoParser - Kafka startTimeMs: 1778576044214
2026-05-12 14:24:04 [main] INFO  o.s.k.c.DefaultKafkaConsumerFactory$ExtendedKafkaConsumer - [Consumer clientId=consumer-knowledge-service-group-1, groupId=knowledge-service-group] Subscribed to topic(s): solution.approved
2026-05-12 14:24:04 [main] INFO  o.a.k.c.consumer.ConsumerConfig - ConsumerConfig values: 
	allow.auto.create.topics = true
	auto.commit.interval.ms = 5000
	auto.include.jmx.reporter = true
	auto.offset.reset = earliest
	bootstrap.servers = [localhost:9092]
	check.crcs = true
	client.dns.lookup = use_all_dns_ips
	client.id = consumer-knowledge-service-group-2
	client.rack = 
	connections.max.idle.ms = 540000
	default.api.timeout.ms = 60000
	enable.auto.commit = false
	exclude.internal.topics = true
	fetch.max.bytes = 52428800
	fetch.max.wait.ms = 500
	fetch.min.bytes = 1
	group.id = knowledge-service-group
	group.instance.id = null
	heartbeat.interval.ms = 3000
	interceptor.classes = []
	internal.leave.group.on.close = true
	internal.throw.on.fetch.stable.offset.unsupported = false
	isolation.level = read_uncommitted
	key.deserializer = class org.apache.kafka.common.serialization.StringDeserializer
	max.partition.fetch.bytes = 1048576
	max.poll.interval.ms = 300000
	max.poll.records = 500
	metadata.max.age.ms = 300000
	metric.reporters = []
	metrics.num.samples = 2
	metrics.recording.level = INFO
	metrics.sample.window.ms = 30000
	partition.assignment.strategy = [class org.apache.kafka.clients.consumer.RangeAssignor, class org.apache.kafka.clients.consumer.CooperativeStickyAssignor]
	receive.buffer.bytes = 65536
	reconnect.backoff.max.ms = 1000
	reconnect.backoff.ms = 50
	request.timeout.ms = 30000
	retry.backoff.ms = 100
	sasl.client.callback.handler.class = null
	sasl.jaas.config = null
	sasl.kerberos.kinit.cmd = /usr/bin/kinit
	sasl.kerberos.min.time.before.relogin = 60000
	sasl.kerberos.service.name = null
	sasl.kerberos.ticket.renew.jitter = 0.05
	sasl.kerberos.ticket.renew.window.factor = 0.8
	sasl.login.callback.handler.class = null
	sasl.login.class = null
	sasl.login.connect.timeout.ms = null
	sasl.login.read.timeout.ms = null
	sasl.login.refresh.buffer.seconds = 300
	sasl.login.refresh.min.period.seconds = 60
	sasl.login.refresh.window.factor = 0.8
	sasl.login.refresh.window.jitter = 0.05
	sasl.login.retry.backoff.max.ms = 10000
	sasl.login.retry.backoff.ms = 100
	sasl.mechanism = GSSAPI
	sasl.oauthbearer.clock.skew.seconds = 30
	sasl.oauthbearer.expected.audience = null
	sasl.oauthbearer.expected.issuer = null
	sasl.oauthbearer.jwks.endpoint.refresh.ms = 3600000
	sasl.oauthbearer.jwks.endpoint.retry.backoff.max.ms = 10000
	sasl.oauthbearer.jwks.endpoint.retry.backoff.ms = 100
	sasl.oauthbearer.jwks.endpoint.url = null
	sasl.oauthbearer.scope.claim.name = scope
	sasl.oauthbearer.sub.claim.name = sub
	sasl.oauthbearer.token.endpoint.url = null
	security.protocol = PLAINTEXT
	security.providers = null
	send.buffer.bytes = 131072
	session.timeout.ms = 45000
	socket.connection.setup.timeout.max.ms = 30000
	socket.connection.setup.timeout.ms = 10000
	ssl.cipher.suites = null
	ssl.enabled.protocols = [TLSv1.2, TLSv1.3]
	ssl.endpoint.identification.algorithm = https
	ssl.engine.factory.class = null
	ssl.key.password = null
	ssl.keymanager.algorithm = SunX509
	ssl.keystore.certificate.chain = null
	ssl.keystore.key = null
	ssl.keystore.location = null
	ssl.keystore.password = null
	ssl.keystore.type = JKS
	ssl.protocol = TLSv1.3
	ssl.provider = null
	ssl.secure.random.implementation = null
	ssl.trustmanager.algorithm = PKIX
	ssl.truststore.certificates = null
	ssl.truststore.location = null
	ssl.truststore.password = null
	ssl.truststore.type = JKS
	value.deserializer = class org.springframework.kafka.support.serializer.ErrorHandlingDeserializer

2026-05-12 14:24:04 [main] INFO  o.a.kafka.common.utils.AppInfoParser - Kafka version: 3.6.0
2026-05-12 14:24:04 [main] INFO  o.a.kafka.common.utils.AppInfoParser - Kafka commitId: 60e845626d8a465a
2026-05-12 14:24:04 [main] INFO  o.a.kafka.common.utils.AppInfoParser - Kafka startTimeMs: 1778576044234
2026-05-12 14:24:04 [main] INFO  o.s.k.c.DefaultKafkaConsumerFactory$ExtendedKafkaConsumer - [Consumer clientId=consumer-knowledge-service-group-2, groupId=knowledge-service-group] Subscribed to topic(s): ticket.resolved
2026-05-12 14:24:04 [main] INFO  c.c.k.KnowledgeServiceApplication - Started KnowledgeServiceApplication in 7.478 seconds (process running for 7.936)
2026-05-12 14:24:04 [org.springframework.kafka.KafkaListenerEndpointContainer#0-0-C-1] INFO  org.apache.kafka.clients.Metadata - [Consumer clientId=consumer-knowledge-service-group-1, groupId=knowledge-service-group] Cluster ID: 538wPjqAT8OPgbqLgW0seg
2026-05-12 14:24:04 [org.springframework.kafka.KafkaListenerEndpointContainer#0-0-C-1] INFO  o.a.k.c.c.i.ConsumerCoordinator - [Consumer clientId=consumer-knowledge-service-group-1, groupId=knowledge-service-group] Discovered group coordinator localhost:9092 (id: 2147483646 rack: null)
2026-05-12 14:24:04 [org.springframework.kafka.KafkaListenerEndpointContainer#1-0-C-1] INFO  org.apache.kafka.clients.Metadata - [Consumer clientId=consumer-knowledge-service-group-2, groupId=knowledge-service-group] Cluster ID: 538wPjqAT8OPgbqLgW0seg
2026-05-12 14:24:04 [org.springframework.kafka.KafkaListenerEndpointContainer#1-0-C-1] INFO  o.a.k.c.c.i.ConsumerCoordinator - [Consumer clientId=consumer-knowledge-service-group-2, groupId=knowledge-service-group] Discovered group coordinator localhost:9092 (id: 2147483646 rack: null)
2026-05-12 14:24:04 [org.springframework.kafka.KafkaListenerEndpointContainer#1-0-C-1] INFO  o.a.k.c.c.i.ConsumerCoordinator - [Consumer clientId=consumer-knowledge-service-group-2, groupId=knowledge-service-group] (Re-)joining group
2026-05-12 14:24:04 [org.springframework.kafka.KafkaListenerEndpointContainer#0-0-C-1] INFO  o.a.k.c.c.i.ConsumerCoordinator - [Consumer clientId=consumer-knowledge-service-group-1, groupId=knowledge-service-group] (Re-)joining group
2026-05-12 14:24:04 [org.springframework.kafka.KafkaListenerEndpointContainer#0-0-C-1] INFO  o.a.k.c.c.i.ConsumerCoordinator - [Consumer clientId=consumer-knowledge-service-group-1, groupId=knowledge-service-group] Request joining group due to: need to re-join with the given member-id: consumer-knowledge-service-group-1-7e626088-e1da-445a-b283-d26b97b5f04a
2026-05-12 14:24:04 [org.springframework.kafka.KafkaListenerEndpointContainer#1-0-C-1] INFO  o.a.k.c.c.i.ConsumerCoordinator - [Consumer clientId=consumer-knowledge-service-group-2, groupId=knowledge-service-group] Request joining group due to: need to re-join with the given member-id: consumer-knowledge-service-group-2-8be625a6-b839-4166-bf6f-20b852e7545e
2026-05-12 14:24:04 [org.springframework.kafka.KafkaListenerEndpointContainer#0-0-C-1] INFO  o.a.k.c.c.i.ConsumerCoordinator - [Consumer clientId=consumer-knowledge-service-group-1, groupId=knowledge-service-group] Request joining group due to: rebalance failed due to 'The group member needs to have a valid member id before actually entering a consumer group.' (MemberIdRequiredException)
2026-05-12 14:24:04 [org.springframework.kafka.KafkaListenerEndpointContainer#0-0-C-1] INFO  o.a.k.c.c.i.ConsumerCoordinator - [Consumer clientId=consumer-knowledge-service-group-1, groupId=knowledge-service-group] (Re-)joining group
2026-05-12 14:24:04 [org.springframework.kafka.KafkaListenerEndpointContainer#1-0-C-1] INFO  o.a.k.c.c.i.ConsumerCoordinator - [Consumer clientId=consumer-knowledge-service-group-2, groupId=knowledge-service-group] Request joining group due to: rebalance failed due to 'The group member needs to have a valid member id before actually entering a consumer group.' (MemberIdRequiredException)
2026-05-12 14:24:04 [org.springframework.kafka.KafkaListenerEndpointContainer#1-0-C-1] INFO  o.a.k.c.c.i.ConsumerCoordinator - [Consumer clientId=consumer-knowledge-service-group-2, groupId=knowledge-service-group] (Re-)joining group
2026-05-12 14:24:07 [org.springframework.kafka.KafkaListenerEndpointContainer#0-0-C-1] INFO  o.a.k.c.c.i.ConsumerCoordinator - [Consumer clientId=consumer-knowledge-service-group-1, groupId=knowledge-service-group] Successfully joined group with generation Generation{generationId=11, memberId='consumer-knowledge-service-group-1-7e626088-e1da-445a-b283-d26b97b5f04a', protocol='range'}
2026-05-12 14:24:07 [org.springframework.kafka.KafkaListenerEndpointContainer#1-0-C-1] INFO  o.a.k.c.c.i.ConsumerCoordinator - [Consumer clientId=consumer-knowledge-service-group-2, groupId=knowledge-service-group] Successfully joined group with generation Generation{generationId=11, memberId='consumer-knowledge-service-group-2-8be625a6-b839-4166-bf6f-20b852e7545e', protocol='range'}
2026-05-12 14:24:07 [org.springframework.kafka.KafkaListenerEndpointContainer#0-0-C-1] INFO  o.a.k.c.c.i.ConsumerCoordinator - [Consumer clientId=consumer-knowledge-service-group-1, groupId=knowledge-service-group] Finished assignment for group at generation 11: {consumer-knowledge-service-group-1-7e626088-e1da-445a-b283-d26b97b5f04a=Assignment(partitions=[solution.approved-0, solution.approved-1, solution.approved-2]), consumer-knowledge-service-group-2-8be625a6-b839-4166-bf6f-20b852e7545e=Assignment(partitions=[ticket.resolved-0])}
2026-05-12 14:24:07 [org.springframework.kafka.KafkaListenerEndpointContainer#0-0-C-1] INFO  o.a.k.c.c.i.ConsumerCoordinator - [Consumer clientId=consumer-knowledge-service-group-1, groupId=knowledge-service-group] Successfully synced group in generation Generation{generationId=11, memberId='consumer-knowledge-service-group-1-7e626088-e1da-445a-b283-d26b97b5f04a', protocol='range'}
2026-05-12 14:24:07 [org.springframework.kafka.KafkaListenerEndpointContainer#1-0-C-1] INFO  o.a.k.c.c.i.ConsumerCoordinator - [Consumer clientId=consumer-knowledge-service-group-2, groupId=knowledge-service-group] Successfully synced group in generation Generation{generationId=11, memberId='consumer-knowledge-service-group-2-8be625a6-b839-4166-bf6f-20b852e7545e', protocol='range'}
2026-05-12 14:24:07 [org.springframework.kafka.KafkaListenerEndpointContainer#1-0-C-1] INFO  o.a.k.c.c.i.ConsumerCoordinator - [Consumer clientId=consumer-knowledge-service-group-2, groupId=knowledge-service-group] Notifying assignor about the new Assignment(partitions=[ticket.resolved-0])
2026-05-12 14:24:07 [org.springframework.kafka.KafkaListenerEndpointContainer#0-0-C-1] INFO  o.a.k.c.c.i.ConsumerCoordinator - [Consumer clientId=consumer-knowledge-service-group-1, groupId=knowledge-service-group] Notifying assignor about the new Assignment(partitions=[solution.approved-0, solution.approved-1, solution.approved-2])
2026-05-12 14:24:07 [org.springframework.kafka.KafkaListenerEndpointContainer#0-0-C-1] INFO  o.a.k.c.c.i.ConsumerCoordinator - [Consumer clientId=consumer-knowledge-service-group-1, groupId=knowledge-service-group] Adding newly assigned partitions: solution.approved-0, solution.approved-1, solution.approved-2
2026-05-12 14:24:07 [org.springframework.kafka.KafkaListenerEndpointContainer#1-0-C-1] INFO  o.a.k.c.c.i.ConsumerCoordinator - [Consumer clientId=consumer-knowledge-service-group-2, groupId=knowledge-service-group] Adding newly assigned partitions: ticket.resolved-0
2026-05-12 14:24:07 [org.springframework.kafka.KafkaListenerEndpointContainer#1-0-C-1] INFO  o.a.k.c.c.i.ConsumerCoordinator - [Consumer clientId=consumer-knowledge-service-group-2, groupId=knowledge-service-group] Found no committed offset for partition ticket.resolved-0
2026-05-12 14:24:07 [org.springframework.kafka.KafkaListenerEndpointContainer#0-0-C-1] INFO  o.a.k.c.c.i.ConsumerCoordinator - [Consumer clientId=consumer-knowledge-service-group-1, groupId=knowledge-service-group] Setting offset for partition solution.approved-0 to the committed offset FetchPosition{offset=64, offsetEpoch=Optional.empty, currentLeader=LeaderAndEpoch{leader=Optional[localhost:9092 (id: 1 rack: null)], epoch=0}}
2026-05-12 14:24:07 [org.springframework.kafka.KafkaListenerEndpointContainer#0-0-C-1] INFO  o.a.k.c.c.i.ConsumerCoordinator - [Consumer clientId=consumer-knowledge-service-group-1, groupId=knowledge-service-group] Setting offset for partition solution.approved-1 to the committed offset FetchPosition{offset=75, offsetEpoch=Optional.empty, currentLeader=LeaderAndEpoch{leader=Optional[localhost:9092 (id: 1 rack: null)], epoch=0}}
2026-05-12 14:24:07 [org.springframework.kafka.KafkaListenerEndpointContainer#0-0-C-1] INFO  o.a.k.c.c.i.ConsumerCoordinator - [Consumer clientId=consumer-knowledge-service-group-1, groupId=knowledge-service-group] Setting offset for partition solution.approved-2 to the committed offset FetchPosition{offset=45, offsetEpoch=Optional.empty, currentLeader=LeaderAndEpoch{leader=Optional[localhost:9092 (id: 1 rack: null)], epoch=0}}
2026-05-12 14:24:07 [org.springframework.kafka.KafkaListenerEndpointContainer#0-0-C-1] INFO  o.s.k.l.KafkaMessageListenerContainer - knowledge-service-group: partitions assigned: [solution.approved-0, solution.approved-1, solution.approved-2]
2026-05-12 14:24:07 [org.springframework.kafka.KafkaListenerEndpointContainer#1-0-C-1] INFO  o.a.k.c.c.i.SubscriptionState - [Consumer clientId=consumer-knowledge-service-group-2, groupId=knowledge-service-group] Resetting offset for partition ticket.resolved-0 to position FetchPosition{offset=0, offsetEpoch=Optional.empty, currentLeader=LeaderAndEpoch{leader=Optional[localhost:9092 (id: 1 rack: null)], epoch=0}}.
2026-05-12 14:24:07 [org.springframework.kafka.KafkaListenerEndpointContainer#1-0-C-1] INFO  o.s.k.l.KafkaMessageListenerContainer - knowledge-service-group: partitions assigned: [ticket.resolved-0]
2026-05-12 14:24:33 [http-nio-8085-exec-1] INFO  o.a.c.c.C.[Tomcat].[localhost].[/] - Initializing Spring DispatcherServlet 'dispatcherServlet'
2026-05-12 14:24:33 [http-nio-8085-exec-1] INFO  o.s.web.servlet.DispatcherServlet - Initializing Servlet 'dispatcherServlet'
2026-05-12 14:24:33 [http-nio-8085-exec-1] INFO  o.s.web.servlet.DispatcherServlet - Completed initialization in 1 ms
2026-05-12 14:24:33 [http-nio-8085-exec-1] DEBUG o.s.security.web.FilterChainProxy - Securing GET /actuator/health
2026-05-12 14:24:33 [http-nio-8085-exec-1] WARN  o.s.w.s.h.HandlerMappingIntrospector - Cache miss for REQUEST dispatch to '/actuator/health' (previous null). Performing CorsConfiguration lookup. This is logged once only at WARN level, and every time at TRACE.
2026-05-12 14:24:33 [http-nio-8085-exec-1] DEBUG o.s.s.w.a.AnonymousAuthenticationFilter - Set SecurityContextHolder to anonymous SecurityContext
2026-05-12 14:24:33 [http-nio-8085-exec-1] WARN  o.s.w.s.h.HandlerMappingIntrospector - Cache miss for REQUEST dispatch to '/actuator/health' (previous null). Performing MatchableHandlerMapping lookup. This is logged once only at WARN level, and every time at TRACE.
2026-05-12 14:24:33 [http-nio-8085-exec-1] DEBUG o.s.security.web.FilterChainProxy - Secured GET /actuator/health
2026-05-12 14:28:52 [http-nio-8085-exec-2] DEBUG o.s.security.web.FilterChainProxy - Securing GET /api/knowledge?page=0&size=5
2026-05-12 14:28:52 [http-nio-8085-exec-2] DEBUG o.s.security.web.FilterChainProxy - Secured GET /api/knowledge?page=0&size=5
2026-05-12 14:28:52 [http-nio-8085-exec-2] DEBUG org.hibernate.SQL - 
    select
        ka1_0.article_id,
        ka1_0.category_id,
        ka1_0.content,
        ka1_0.created_at,
        ka1_0.created_by,
        ka1_0.deleted,
        ka1_0.solution_id,
        ka1_0.status,
        ka1_0.ticket_id,
        ka1_0.title,
        ka1_0.updated_at,
        ka1_0.version,
        ka1_0.visibility 
    from
        knowledge_articles ka1_0 
    where
        not(ka1_0.deleted) 
    order by
        ka1_0.created_at desc 
    offset
        ? rows 
    fetch
        first ? rows only
2026-05-12 14:28:52 [http-nio-8085-exec-2] DEBUG org.hibernate.SQL - 
    select
        count(ka1_0.article_id) 
    from
        knowledge_articles ka1_0 
    where
        not(ka1_0.deleted)
2026-05-12 14:28:52 [http-nio-8085-exec-2] DEBUG org.hibernate.SQL - 
    select
        t1_0.article_id,
        t1_1.tag_id,
        t1_1.created_at,
        t1_1.tag_name 
    from
        article_tags t1_0 
    join
        knowledge_tags t1_1 
            on t1_1.tag_id=t1_0.tag_id 
    where
        t1_0.article_id=?
2026-05-12 14:28:52 [http-nio-8085-exec-2] DEBUG org.hibernate.SQL - 
    select
        avg(kr1_0.rating) 
    from
        knowledge_ratings kr1_0 
    where
        kr1_0.article_id=?
2026-05-12 14:28:52 [http-nio-8085-exec-2] DEBUG org.hibernate.SQL - 
    select
        count(kv1_0.view_id) 
    from
        knowledge_views kv1_0 
    where
        kv1_0.article_id=?
2026-05-12 14:28:52 [http-nio-8085-exec-2] DEBUG org.hibernate.SQL - 
    select
        t1_0.article_id,
        t1_1.tag_id,
        t1_1.created_at,
        t1_1.tag_name 
    from
        article_tags t1_0 
    join
        knowledge_tags t1_1 
            on t1_1.tag_id=t1_0.tag_id 
    where
        t1_0.article_id=?
2026-05-12 14:28:52 [http-nio-8085-exec-2] DEBUG org.hibernate.SQL - 
    select
        avg(kr1_0.rating) 
    from
        knowledge_ratings kr1_0 
    where
        kr1_0.article_id=?
2026-05-12 14:28:52 [http-nio-8085-exec-2] DEBUG org.hibernate.SQL - 
    select
        count(kv1_0.view_id) 
    from
        knowledge_views kv1_0 
    where
        kv1_0.article_id=?
2026-05-12 14:28:52 [http-nio-8085-exec-2] DEBUG org.hibernate.SQL - 
    select
        t1_0.article_id,
        t1_1.tag_id,
        t1_1.created_at,
        t1_1.tag_name 
    from
        article_tags t1_0 
    join
        knowledge_tags t1_1 
            on t1_1.tag_id=t1_0.tag_id 
    where
        t1_0.article_id=?
2026-05-12 14:28:52 [http-nio-8085-exec-2] DEBUG org.hibernate.SQL - 
    select
        avg(kr1_0.rating) 
    from
        knowledge_ratings kr1_0 
    where
        kr1_0.article_id=?
2026-05-12 14:28:52 [http-nio-8085-exec-2] DEBUG org.hibernate.SQL - 
    select
        count(kv1_0.view_id) 
    from
        knowledge_views kv1_0 
    where
        kv1_0.article_id=?
2026-05-12 14:28:52 [http-nio-8085-exec-2] DEBUG org.hibernate.SQL - 
    select
        t1_0.article_id,
        t1_1.tag_id,
        t1_1.created_at,
        t1_1.tag_name 
    from
        article_tags t1_0 
    join
        knowledge_tags t1_1 
            on t1_1.tag_id=t1_0.tag_id 
    where
        t1_0.article_id=?
2026-05-12 14:28:52 [http-nio-8085-exec-2] DEBUG org.hibernate.SQL - 
    select
        avg(kr1_0.rating) 
    from
        knowledge_ratings kr1_0 
    where
        kr1_0.article_id=?
2026-05-12 14:28:52 [http-nio-8085-exec-2] DEBUG org.hibernate.SQL - 
    select
        count(kv1_0.view_id) 
    from
        knowledge_views kv1_0 
    where
        kv1_0.article_id=?
2026-05-12 14:28:52 [http-nio-8085-exec-2] DEBUG org.hibernate.SQL - 
    select
        t1_0.article_id,
        t1_1.tag_id,
        t1_1.created_at,
        t1_1.tag_name 
    from
        article_tags t1_0 
    join
        knowledge_tags t1_1 
            on t1_1.tag_id=t1_0.tag_id 
    where
        t1_0.article_id=?
2026-05-12 14:28:52 [http-nio-8085-exec-2] DEBUG org.hibernate.SQL - 
    select
        avg(kr1_0.rating) 
    from
        knowledge_ratings kr1_0 
    where
        kr1_0.article_id=?
2026-05-12 14:28:52 [http-nio-8085-exec-2] DEBUG org.hibernate.SQL - 
    select
        count(kv1_0.view_id) 
    from
        knowledge_views kv1_0 
    where
        kv1_0.article_id=?
2026-05-12 14:29:12 [http-nio-8085-exec-3] DEBUG o.s.security.web.FilterChainProxy - Securing GET /api/knowledge?page=0&size=10
2026-05-12 14:29:12 [http-nio-8085-exec-3] DEBUG o.s.security.web.FilterChainProxy - Secured GET /api/knowledge?page=0&size=10
2026-05-12 14:29:12 [http-nio-8085-exec-3] DEBUG org.hibernate.SQL - 
    select
        ka1_0.article_id,
        ka1_0.category_id,
        ka1_0.content,
        ka1_0.created_at,
        ka1_0.created_by,
        ka1_0.deleted,
        ka1_0.solution_id,
        ka1_0.status,
        ka1_0.ticket_id,
        ka1_0.title,
        ka1_0.updated_at,
        ka1_0.version,
        ka1_0.visibility 
    from
        knowledge_articles ka1_0 
    where
        not(ka1_0.deleted) 
    order by
        ka1_0.created_at desc 
    offset
        ? rows 
    fetch
        first ? rows only
2026-05-12 14:29:12 [http-nio-8085-exec-3] DEBUG org.hibernate.SQL - 
    select
        count(ka1_0.article_id) 
    from
        knowledge_articles ka1_0 
    where
        not(ka1_0.deleted)
2026-05-12 14:29:12 [http-nio-8085-exec-3] DEBUG org.hibernate.SQL - 
    select
        t1_0.article_id,
        t1_1.tag_id,
        t1_1.created_at,
        t1_1.tag_name 
    from
        article_tags t1_0 
    join
        knowledge_tags t1_1 
            on t1_1.tag_id=t1_0.tag_id 
    where
        t1_0.article_id=?
2026-05-12 14:29:12 [http-nio-8085-exec-3] DEBUG org.hibernate.SQL - 
    select
        avg(kr1_0.rating) 
    from
        knowledge_ratings kr1_0 
    where
        kr1_0.article_id=?
2026-05-12 14:29:12 [http-nio-8085-exec-3] DEBUG org.hibernate.SQL - 
    select
        count(kv1_0.view_id) 
    from
        knowledge_views kv1_0 
    where
        kv1_0.article_id=?
2026-05-12 14:29:12 [http-nio-8085-exec-3] DEBUG org.hibernate.SQL - 
    select
        t1_0.article_id,
        t1_1.tag_id,
        t1_1.created_at,
        t1_1.tag_name 
    from
        article_tags t1_0 
    join
        knowledge_tags t1_1 
            on t1_1.tag_id=t1_0.tag_id 
    where
        t1_0.article_id=?
2026-05-12 14:29:12 [http-nio-8085-exec-3] DEBUG org.hibernate.SQL - 
    select
        avg(kr1_0.rating) 
    from
        knowledge_ratings kr1_0 
    where
        kr1_0.article_id=?
2026-05-12 14:29:12 [http-nio-8085-exec-3] DEBUG org.hibernate.SQL - 
    select
        count(kv1_0.view_id) 
    from
        knowledge_views kv1_0 
    where
        kv1_0.article_id=?
2026-05-12 14:29:12 [http-nio-8085-exec-3] DEBUG org.hibernate.SQL - 
    select
        t1_0.article_id,
        t1_1.tag_id,
        t1_1.created_at,
        t1_1.tag_name 
    from
        article_tags t1_0 
    join
        knowledge_tags t1_1 
            on t1_1.tag_id=t1_0.tag_id 
    where
        t1_0.article_id=?
2026-05-12 14:29:12 [http-nio-8085-exec-3] DEBUG org.hibernate.SQL - 
    select
        avg(kr1_0.rating) 
    from
        knowledge_ratings kr1_0 
    where
        kr1_0.article_id=?
2026-05-12 14:29:12 [http-nio-8085-exec-3] DEBUG org.hibernate.SQL - 
    select
        count(kv1_0.view_id) 
    from
        knowledge_views kv1_0 
    where
        kv1_0.article_id=?
2026-05-12 14:29:12 [http-nio-8085-exec-3] DEBUG org.hibernate.SQL - 
    select
        t1_0.article_id,
        t1_1.tag_id,
        t1_1.created_at,
        t1_1.tag_name 
    from
        article_tags t1_0 
    join
        knowledge_tags t1_1 
            on t1_1.tag_id=t1_0.tag_id 
    where
        t1_0.article_id=?
2026-05-12 14:29:12 [http-nio-8085-exec-3] DEBUG org.hibernate.SQL - 
    select
        avg(kr1_0.rating) 
    from
        knowledge_ratings kr1_0 
    where
        kr1_0.article_id=?
2026-05-12 14:29:12 [http-nio-8085-exec-3] DEBUG org.hibernate.SQL - 
    select
        count(kv1_0.view_id) 
    from
        knowledge_views kv1_0 
    where
        kv1_0.article_id=?
2026-05-12 14:29:12 [http-nio-8085-exec-3] DEBUG org.hibernate.SQL - 
    select
        t1_0.article_id,
        t1_1.tag_id,
        t1_1.created_at,
        t1_1.tag_name 
    from
        article_tags t1_0 
    join
        knowledge_tags t1_1 
            on t1_1.tag_id=t1_0.tag_id 
    where
        t1_0.article_id=?
2026-05-12 14:29:12 [http-nio-8085-exec-3] DEBUG org.hibernate.SQL - 
    select
        avg(kr1_0.rating) 
    from
        knowledge_ratings kr1_0 
    where
        kr1_0.article_id=?
2026-05-12 14:29:12 [http-nio-8085-exec-3] DEBUG org.hibernate.SQL - 
    select
        count(kv1_0.view_id) 
    from
        knowledge_views kv1_0 
    where
        kv1_0.article_id=?
2026-05-12 14:29:12 [http-nio-8085-exec-3] DEBUG org.hibernate.SQL - 
    select
        t1_0.article_id,
        t1_1.tag_id,
        t1_1.created_at,
        t1_1.tag_name 
    from
        article_tags t1_0 
    join
        knowledge_tags t1_1 
            on t1_1.tag_id=t1_0.tag_id 
    where
        t1_0.article_id=?
2026-05-12 14:29:12 [http-nio-8085-exec-3] DEBUG org.hibernate.SQL - 
    select
        avg(kr1_0.rating) 
    from
        knowledge_ratings kr1_0 
    where
        kr1_0.article_id=?
2026-05-12 14:29:12 [http-nio-8085-exec-3] DEBUG org.hibernate.SQL - 
    select
        count(kv1_0.view_id) 
    from
        knowledge_views kv1_0 
    where
        kv1_0.article_id=?
2026-05-12 14:29:12 [http-nio-8085-exec-3] DEBUG org.hibernate.SQL - 
    select
        t1_0.article_id,
        t1_1.tag_id,
        t1_1.created_at,
        t1_1.tag_name 
    from
        article_tags t1_0 
    join
        knowledge_tags t1_1 
            on t1_1.tag_id=t1_0.tag_id 
    where
        t1_0.article_id=?
2026-05-12 14:29:12 [http-nio-8085-exec-3] DEBUG org.hibernate.SQL - 
    select
        avg(kr1_0.rating) 
    from
        knowledge_ratings kr1_0 
    where
        kr1_0.article_id=?
2026-05-12 14:29:12 [http-nio-8085-exec-3] DEBUG org.hibernate.SQL - 
    select
        count(kv1_0.view_id) 
    from
        knowledge_views kv1_0 
    where
        kv1_0.article_id=?
2026-05-12 14:29:12 [http-nio-8085-exec-3] DEBUG org.hibernate.SQL - 
    select
        t1_0.article_id,
        t1_1.tag_id,
        t1_1.created_at,
        t1_1.tag_name 
    from
        article_tags t1_0 
    join
        knowledge_tags t1_1 
            on t1_1.tag_id=t1_0.tag_id 
    where
        t1_0.article_id=?
2026-05-12 14:29:12 [http-nio-8085-exec-3] DEBUG org.hibernate.SQL - 
    select
        avg(kr1_0.rating) 
    from
        knowledge_ratings kr1_0 
    where
        kr1_0.article_id=?
2026-05-12 14:29:12 [http-nio-8085-exec-3] DEBUG org.hibernate.SQL - 
    select
        count(kv1_0.view_id) 
    from
        knowledge_views kv1_0 
    where
        kv1_0.article_id=?
2026-05-12 14:29:12 [http-nio-8085-exec-3] DEBUG org.hibernate.SQL - 
    select
        t1_0.article_id,
        t1_1.tag_id,
        t1_1.created_at,
        t1_1.tag_name 
    from
        article_tags t1_0 
    join
        knowledge_tags t1_1 
            on t1_1.tag_id=t1_0.tag_id 
    where
        t1_0.article_id=?
2026-05-12 14:29:12 [http-nio-8085-exec-3] DEBUG org.hibernate.SQL - 
    select
        avg(kr1_0.rating) 
    from
        knowledge_ratings kr1_0 
    where
        kr1_0.article_id=?
2026-05-12 14:29:12 [http-nio-8085-exec-3] DEBUG org.hibernate.SQL - 
    select
        count(kv1_0.view_id) 
    from
        knowledge_views kv1_0 
    where
        kv1_0.article_id=?
2026-05-12 14:29:12 [http-nio-8085-exec-3] DEBUG org.hibernate.SQL - 
    select
        t1_0.article_id,
        t1_1.tag_id,
        t1_1.created_at,
        t1_1.tag_name 
    from
        article_tags t1_0 
    join
        knowledge_tags t1_1 
            on t1_1.tag_id=t1_0.tag_id 
    where
        t1_0.article_id=?
2026-05-12 14:29:12 [http-nio-8085-exec-3] DEBUG org.hibernate.SQL - 
    select
        avg(kr1_0.rating) 
    from
        knowledge_ratings kr1_0 
    where
        kr1_0.article_id=?
2026-05-12 14:29:12 [http-nio-8085-exec-3] DEBUG org.hibernate.SQL - 
    select
        count(kv1_0.view_id) 
    from
        knowledge_views kv1_0 
    where
        kv1_0.article_id=?
2026-05-12 14:31:09 [http-nio-8085-exec-5] DEBUG o.s.security.web.FilterChainProxy - Securing GET /api/knowledge?page=0&size=5
2026-05-12 14:31:09 [http-nio-8085-exec-5] DEBUG o.s.security.web.FilterChainProxy - Secured GET /api/knowledge?page=0&size=5
2026-05-12 14:31:09 [http-nio-8085-exec-5] DEBUG org.hibernate.SQL - 
    select
        ka1_0.article_id,
        ka1_0.category_id,
        ka1_0.content,
        ka1_0.created_at,
        ka1_0.created_by,
        ka1_0.deleted,
        ka1_0.solution_id,
        ka1_0.status,
        ka1_0.ticket_id,
        ka1_0.title,
        ka1_0.updated_at,
        ka1_0.version,
        ka1_0.visibility 
    from
        knowledge_articles ka1_0 
    where
        not(ka1_0.deleted) 
    order by
        ka1_0.created_at desc 
    offset
        ? rows 
    fetch
        first ? rows only
2026-05-12 14:31:09 [http-nio-8085-exec-5] DEBUG org.hibernate.SQL - 
    select
        count(ka1_0.article_id) 
    from
        knowledge_articles ka1_0 
    where
        not(ka1_0.deleted)
2026-05-12 14:31:09 [http-nio-8085-exec-5] DEBUG org.hibernate.SQL - 
    select
        t1_0.article_id,
        t1_1.tag_id,
        t1_1.created_at,
        t1_1.tag_name 
    from
        article_tags t1_0 
    join
        knowledge_tags t1_1 
            on t1_1.tag_id=t1_0.tag_id 
    where
        t1_0.article_id=?
2026-05-12 14:31:09 [http-nio-8085-exec-5] DEBUG org.hibernate.SQL - 
    select
        avg(kr1_0.rating) 
    from
        knowledge_ratings kr1_0 
    where
        kr1_0.article_id=?
2026-05-12 14:31:09 [http-nio-8085-exec-5] DEBUG org.hibernate.SQL - 
    select
        count(kv1_0.view_id) 
    from
        knowledge_views kv1_0 
    where
        kv1_0.article_id=?
2026-05-12 14:31:09 [http-nio-8085-exec-5] DEBUG org.hibernate.SQL - 
    select
        t1_0.article_id,
        t1_1.tag_id,
        t1_1.created_at,
        t1_1.tag_name 
    from
        article_tags t1_0 
    join
        knowledge_tags t1_1 
            on t1_1.tag_id=t1_0.tag_id 
    where
        t1_0.article_id=?
2026-05-12 14:31:09 [http-nio-8085-exec-5] DEBUG org.hibernate.SQL - 
    select
        avg(kr1_0.rating) 
    from
        knowledge_ratings kr1_0 
    where
        kr1_0.article_id=?
2026-05-12 14:31:09 [http-nio-8085-exec-5] DEBUG org.hibernate.SQL - 
    select
        count(kv1_0.view_id) 
    from
        knowledge_views kv1_0 
    where
        kv1_0.article_id=?
2026-05-12 14:31:09 [http-nio-8085-exec-5] DEBUG org.hibernate.SQL - 
    select
        t1_0.article_id,
        t1_1.tag_id,
        t1_1.created_at,
        t1_1.tag_name 
    from
        article_tags t1_0 
    join
        knowledge_tags t1_1 
            on t1_1.tag_id=t1_0.tag_id 
    where
        t1_0.article_id=?
2026-05-12 14:31:09 [http-nio-8085-exec-5] DEBUG org.hibernate.SQL - 
    select
        avg(kr1_0.rating) 
    from
        knowledge_ratings kr1_0 
    where
        kr1_0.article_id=?
2026-05-12 14:31:09 [http-nio-8085-exec-5] DEBUG org.hibernate.SQL - 
    select
        count(kv1_0.view_id) 
    from
        knowledge_views kv1_0 
    where
        kv1_0.article_id=?
2026-05-12 14:31:09 [http-nio-8085-exec-5] DEBUG org.hibernate.SQL - 
    select
        t1_0.article_id,
        t1_1.tag_id,
        t1_1.created_at,
        t1_1.tag_name 
    from
        article_tags t1_0 
    join
        knowledge_tags t1_1 
            on t1_1.tag_id=t1_0.tag_id 
    where
        t1_0.article_id=?
2026-05-12 14:31:09 [http-nio-8085-exec-5] DEBUG org.hibernate.SQL - 
    select
        avg(kr1_0.rating) 
    from
        knowledge_ratings kr1_0 
    where
        kr1_0.article_id=?
2026-05-12 14:31:09 [http-nio-8085-exec-5] DEBUG org.hibernate.SQL - 
    select
        count(kv1_0.view_id) 
    from
        knowledge_views kv1_0 
    where
        kv1_0.article_id=?
2026-05-12 14:31:09 [http-nio-8085-exec-5] DEBUG org.hibernate.SQL - 
    select
        t1_0.article_id,
        t1_1.tag_id,
        t1_1.created_at,
        t1_1.tag_name 
    from
        article_tags t1_0 
    join
        knowledge_tags t1_1 
            on t1_1.tag_id=t1_0.tag_id 
    where
        t1_0.article_id=?
2026-05-12 14:31:09 [http-nio-8085-exec-5] DEBUG org.hibernate.SQL - 
    select
        avg(kr1_0.rating) 
    from
        knowledge_ratings kr1_0 
    where
        kr1_0.article_id=?
2026-05-12 14:31:09 [http-nio-8085-exec-5] DEBUG org.hibernate.SQL - 
    select
        count(kv1_0.view_id) 
    from
        knowledge_views kv1_0 
    where
        kv1_0.article_id=?
2026-05-12 14:31:29 [http-nio-8085-exec-6] DEBUG o.s.security.web.FilterChainProxy - Securing GET /api/knowledge?page=0&size=10
2026-05-12 14:31:29 [http-nio-8085-exec-6] DEBUG o.s.security.web.FilterChainProxy - Secured GET /api/knowledge?page=0&size=10
2026-05-12 14:31:29 [http-nio-8085-exec-6] DEBUG org.hibernate.SQL - 
    select
        ka1_0.article_id,
        ka1_0.category_id,
        ka1_0.content,
        ka1_0.created_at,
        ka1_0.created_by,
        ka1_0.deleted,
        ka1_0.solution_id,
        ka1_0.status,
        ka1_0.ticket_id,
        ka1_0.title,
        ka1_0.updated_at,
        ka1_0.version,
        ka1_0.visibility 
    from
        knowledge_articles ka1_0 
    where
        not(ka1_0.deleted) 
    order by
        ka1_0.created_at desc 
    offset
        ? rows 
    fetch
        first ? rows only
2026-05-12 14:31:29 [http-nio-8085-exec-6] DEBUG org.hibernate.SQL - 
    select
        count(ka1_0.article_id) 
    from
        knowledge_articles ka1_0 
    where
        not(ka1_0.deleted)
2026-05-12 14:31:29 [http-nio-8085-exec-6] DEBUG org.hibernate.SQL - 
    select
        t1_0.article_id,
        t1_1.tag_id,
        t1_1.created_at,
        t1_1.tag_name 
    from
        article_tags t1_0 
    join
        knowledge_tags t1_1 
            on t1_1.tag_id=t1_0.tag_id 
    where
        t1_0.article_id=?
2026-05-12 14:31:29 [http-nio-8085-exec-6] DEBUG org.hibernate.SQL - 
    select
        avg(kr1_0.rating) 
    from
        knowledge_ratings kr1_0 
    where
        kr1_0.article_id=?
2026-05-12 14:31:29 [http-nio-8085-exec-6] DEBUG org.hibernate.SQL - 
    select
        count(kv1_0.view_id) 
    from
        knowledge_views kv1_0 
    where
        kv1_0.article_id=?
2026-05-12 14:31:29 [http-nio-8085-exec-6] DEBUG org.hibernate.SQL - 
    select
        t1_0.article_id,
        t1_1.tag_id,
        t1_1.created_at,
        t1_1.tag_name 
    from
        article_tags t1_0 
    join
        knowledge_tags t1_1 
            on t1_1.tag_id=t1_0.tag_id 
    where
        t1_0.article_id=?
2026-05-12 14:31:29 [http-nio-8085-exec-6] DEBUG org.hibernate.SQL - 
    select
        avg(kr1_0.rating) 
    from
        knowledge_ratings kr1_0 
    where
        kr1_0.article_id=?
2026-05-12 14:31:29 [http-nio-8085-exec-6] DEBUG org.hibernate.SQL - 
    select
        count(kv1_0.view_id) 
    from
        knowledge_views kv1_0 
    where
        kv1_0.article_id=?
2026-05-12 14:31:29 [http-nio-8085-exec-6] DEBUG org.hibernate.SQL - 
    select
        t1_0.article_id,
        t1_1.tag_id,
        t1_1.created_at,
        t1_1.tag_name 
    from
        article_tags t1_0 
    join
        knowledge_tags t1_1 
            on t1_1.tag_id=t1_0.tag_id 
    where
        t1_0.article_id=?
2026-05-12 14:31:29 [http-nio-8085-exec-6] DEBUG org.hibernate.SQL - 
    select
        avg(kr1_0.rating) 
    from
        knowledge_ratings kr1_0 
    where
        kr1_0.article_id=?
2026-05-12 14:31:29 [http-nio-8085-exec-6] DEBUG org.hibernate.SQL - 
    select
        count(kv1_0.view_id) 
    from
        knowledge_views kv1_0 
    where
        kv1_0.article_id=?
2026-05-12 14:31:29 [http-nio-8085-exec-6] DEBUG org.hibernate.SQL - 
    select
        t1_0.article_id,
        t1_1.tag_id,
        t1_1.created_at,
        t1_1.tag_name 
    from
        article_tags t1_0 
    join
        knowledge_tags t1_1 
            on t1_1.tag_id=t1_0.tag_id 
    where
        t1_0.article_id=?
2026-05-12 14:31:29 [http-nio-8085-exec-6] DEBUG org.hibernate.SQL - 
    select
        avg(kr1_0.rating) 
    from
        knowledge_ratings kr1_0 
    where
        kr1_0.article_id=?
2026-05-12 14:31:29 [http-nio-8085-exec-6] DEBUG org.hibernate.SQL - 
    select
        count(kv1_0.view_id) 
    from
        knowledge_views kv1_0 
    where
        kv1_0.article_id=?
2026-05-12 14:31:29 [http-nio-8085-exec-6] DEBUG org.hibernate.SQL - 
    select
        t1_0.article_id,
        t1_1.tag_id,
        t1_1.created_at,
        t1_1.tag_name 
    from
        article_tags t1_0 
    join
        knowledge_tags t1_1 
            on t1_1.tag_id=t1_0.tag_id 
    where
        t1_0.article_id=?
2026-05-12 14:31:29 [http-nio-8085-exec-6] DEBUG org.hibernate.SQL - 
    select
        avg(kr1_0.rating) 
    from
        knowledge_ratings kr1_0 
    where
        kr1_0.article_id=?
2026-05-12 14:31:29 [http-nio-8085-exec-6] DEBUG org.hibernate.SQL - 
    select
        count(kv1_0.view_id) 
    from
        knowledge_views kv1_0 
    where
        kv1_0.article_id=?
2026-05-12 14:31:29 [http-nio-8085-exec-6] DEBUG org.hibernate.SQL - 
    select
        t1_0.article_id,
        t1_1.tag_id,
        t1_1.created_at,
        t1_1.tag_name 
    from
        article_tags t1_0 
    join
        knowledge_tags t1_1 
            on t1_1.tag_id=t1_0.tag_id 
    where
        t1_0.article_id=?
2026-05-12 14:31:29 [http-nio-8085-exec-6] DEBUG org.hibernate.SQL - 
    select
        avg(kr1_0.rating) 
    from
        knowledge_ratings kr1_0 
    where
        kr1_0.article_id=?
2026-05-12 14:31:29 [http-nio-8085-exec-6] DEBUG org.hibernate.SQL - 
    select
        count(kv1_0.view_id) 
    from
        knowledge_views kv1_0 
    where
        kv1_0.article_id=?
2026-05-12 14:31:29 [http-nio-8085-exec-6] DEBUG org.hibernate.SQL - 
    select
        t1_0.article_id,
        t1_1.tag_id,
        t1_1.created_at,
        t1_1.tag_name 
    from
        article_tags t1_0 
    join
        knowledge_tags t1_1 
            on t1_1.tag_id=t1_0.tag_id 
    where
        t1_0.article_id=?
2026-05-12 14:31:29 [http-nio-8085-exec-6] DEBUG org.hibernate.SQL - 
    select
        avg(kr1_0.rating) 
    from
        knowledge_ratings kr1_0 
    where
        kr1_0.article_id=?
2026-05-12 14:31:29 [http-nio-8085-exec-6] DEBUG org.hibernate.SQL - 
    select
        count(kv1_0.view_id) 
    from
        knowledge_views kv1_0 
    where
        kv1_0.article_id=?
2026-05-12 14:31:29 [http-nio-8085-exec-6] DEBUG org.hibernate.SQL - 
    select
        t1_0.article_id,
        t1_1.tag_id,
        t1_1.created_at,
        t1_1.tag_name 
    from
        article_tags t1_0 
    join
        knowledge_tags t1_1 
            on t1_1.tag_id=t1_0.tag_id 
    where
        t1_0.article_id=?
2026-05-12 14:31:29 [http-nio-8085-exec-6] DEBUG org.hibernate.SQL - 
    select
        avg(kr1_0.rating) 
    from
        knowledge_ratings kr1_0 
    where
        kr1_0.article_id=?
2026-05-12 14:31:29 [http-nio-8085-exec-6] DEBUG org.hibernate.SQL - 
    select
        count(kv1_0.view_id) 
    from
        knowledge_views kv1_0 
    where
        kv1_0.article_id=?
2026-05-12 14:31:29 [http-nio-8085-exec-6] DEBUG org.hibernate.SQL - 
    select
        t1_0.article_id,
        t1_1.tag_id,
        t1_1.created_at,
        t1_1.tag_name 
    from
        article_tags t1_0 
    join
        knowledge_tags t1_1 
            on t1_1.tag_id=t1_0.tag_id 
    where
        t1_0.article_id=?
2026-05-12 14:31:29 [http-nio-8085-exec-6] DEBUG org.hibernate.SQL - 
    select
        avg(kr1_0.rating) 
    from
        knowledge_ratings kr1_0 
    where
        kr1_0.article_id=?
2026-05-12 14:31:29 [http-nio-8085-exec-6] DEBUG org.hibernate.SQL - 
    select
        count(kv1_0.view_id) 
    from
        knowledge_views kv1_0 
    where
        kv1_0.article_id=?
2026-05-12 14:31:29 [http-nio-8085-exec-6] DEBUG org.hibernate.SQL - 
    select
        t1_0.article_id,
        t1_1.tag_id,
        t1_1.created_at,
        t1_1.tag_name 
    from
        article_tags t1_0 
    join
        knowledge_tags t1_1 
            on t1_1.tag_id=t1_0.tag_id 
    where
        t1_0.article_id=?
2026-05-12 14:31:29 [http-nio-8085-exec-6] DEBUG org.hibernate.SQL - 
    select
        avg(kr1_0.rating) 
    from
        knowledge_ratings kr1_0 
    where
        kr1_0.article_id=?
2026-05-12 14:31:29 [http-nio-8085-exec-6] DEBUG org.hibernate.SQL - 
    select
        count(kv1_0.view_id) 
    from
        knowledge_views kv1_0 
    where
        kv1_0.article_id=?
2026-05-12 14:32:50 [http-nio-8085-exec-8] DEBUG o.s.security.web.FilterChainProxy - Securing GET /api/knowledge?page=0&size=5
2026-05-12 14:32:50 [http-nio-8085-exec-8] DEBUG o.s.security.web.FilterChainProxy - Secured GET /api/knowledge?page=0&size=5
2026-05-12 14:32:50 [http-nio-8085-exec-8] DEBUG org.hibernate.SQL - 
    select
        ka1_0.article_id,
        ka1_0.category_id,
        ka1_0.content,
        ka1_0.created_at,
        ka1_0.created_by,
        ka1_0.deleted,
        ka1_0.solution_id,
        ka1_0.status,
        ka1_0.ticket_id,
        ka1_0.title,
        ka1_0.updated_at,
        ka1_0.version,
        ka1_0.visibility 
    from
        knowledge_articles ka1_0 
    where
        not(ka1_0.deleted) 
    order by
        ka1_0.created_at desc 
    offset
        ? rows 
    fetch
        first ? rows only
2026-05-12 14:32:50 [http-nio-8085-exec-8] DEBUG org.hibernate.SQL - 
    select
        count(ka1_0.article_id) 
    from
        knowledge_articles ka1_0 
    where
        not(ka1_0.deleted)
2026-05-12 14:32:50 [http-nio-8085-exec-8] DEBUG org.hibernate.SQL - 
    select
        t1_0.article_id,
        t1_1.tag_id,
        t1_1.created_at,
        t1_1.tag_name 
    from
        article_tags t1_0 
    join
        knowledge_tags t1_1 
            on t1_1.tag_id=t1_0.tag_id 
    where
        t1_0.article_id=?
2026-05-12 14:32:50 [http-nio-8085-exec-8] DEBUG org.hibernate.SQL - 
    select
        avg(kr1_0.rating) 
    from
        knowledge_ratings kr1_0 
    where
        kr1_0.article_id=?
2026-05-12 14:32:50 [http-nio-8085-exec-8] DEBUG org.hibernate.SQL - 
    select
        count(kv1_0.view_id) 
    from
        knowledge_views kv1_0 
    where
        kv1_0.article_id=?
2026-05-12 14:32:50 [http-nio-8085-exec-8] DEBUG org.hibernate.SQL - 
    select
        t1_0.article_id,
        t1_1.tag_id,
        t1_1.created_at,
        t1_1.tag_name 
    from
        article_tags t1_0 
    join
        knowledge_tags t1_1 
            on t1_1.tag_id=t1_0.tag_id 
    where
        t1_0.article_id=?
2026-05-12 14:32:50 [http-nio-8085-exec-8] DEBUG org.hibernate.SQL - 
    select
        avg(kr1_0.rating) 
    from
        knowledge_ratings kr1_0 
    where
        kr1_0.article_id=?
2026-05-12 14:32:50 [http-nio-8085-exec-8] DEBUG org.hibernate.SQL - 
    select
        count(kv1_0.view_id) 
    from
        knowledge_views kv1_0 
    where
        kv1_0.article_id=?
2026-05-12 14:32:50 [http-nio-8085-exec-8] DEBUG org.hibernate.SQL - 
    select
        t1_0.article_id,
        t1_1.tag_id,
        t1_1.created_at,
        t1_1.tag_name 
    from
        article_tags t1_0 
    join
        knowledge_tags t1_1 
            on t1_1.tag_id=t1_0.tag_id 
    where
        t1_0.article_id=?
2026-05-12 14:32:50 [http-nio-8085-exec-8] DEBUG org.hibernate.SQL - 
    select
        avg(kr1_0.rating) 
    from
        knowledge_ratings kr1_0 
    where
        kr1_0.article_id=?
2026-05-12 14:32:50 [http-nio-8085-exec-8] DEBUG org.hibernate.SQL - 
    select
        count(kv1_0.view_id) 
    from
        knowledge_views kv1_0 
    where
        kv1_0.article_id=?
2026-05-12 14:32:50 [http-nio-8085-exec-8] DEBUG org.hibernate.SQL - 
    select
        t1_0.article_id,
        t1_1.tag_id,
        t1_1.created_at,
        t1_1.tag_name 
    from
        article_tags t1_0 
    join
        knowledge_tags t1_1 
            on t1_1.tag_id=t1_0.tag_id 
    where
        t1_0.article_id=?
2026-05-12 14:32:50 [http-nio-8085-exec-8] DEBUG org.hibernate.SQL - 
    select
        avg(kr1_0.rating) 
    from
        knowledge_ratings kr1_0 
    where
        kr1_0.article_id=?
2026-05-12 14:32:50 [http-nio-8085-exec-8] DEBUG org.hibernate.SQL - 
    select
        count(kv1_0.view_id) 
    from
        knowledge_views kv1_0 
    where
        kv1_0.article_id=?
2026-05-12 14:32:50 [http-nio-8085-exec-8] DEBUG org.hibernate.SQL - 
    select
        t1_0.article_id,
        t1_1.tag_id,
        t1_1.created_at,
        t1_1.tag_name 
    from
        article_tags t1_0 
    join
        knowledge_tags t1_1 
            on t1_1.tag_id=t1_0.tag_id 
    where
        t1_0.article_id=?
2026-05-12 14:32:50 [http-nio-8085-exec-8] DEBUG org.hibernate.SQL - 
    select
        avg(kr1_0.rating) 
    from
        knowledge_ratings kr1_0 
    where
        kr1_0.article_id=?
2026-05-12 14:32:50 [http-nio-8085-exec-8] DEBUG org.hibernate.SQL - 
    select
        count(kv1_0.view_id) 
    from
        knowledge_views kv1_0 
    where
        kv1_0.article_id=?
2026-05-12 14:33:04 [org.springframework.kafka.KafkaListenerEndpointContainer#1-0-C-1] INFO  o.apache.kafka.clients.NetworkClient - [Consumer clientId=consumer-knowledge-service-group-2, groupId=knowledge-service-group] Node -1 disconnected.
2026-05-12 14:33:04 [org.springframework.kafka.KafkaListenerEndpointContainer#0-0-C-1] INFO  o.apache.kafka.clients.NetworkClient - [Consumer clientId=consumer-knowledge-service-group-1, groupId=knowledge-service-group] Node -1 disconnected.
2026-05-12 14:33:07 [org.springframework.kafka.KafkaListenerEndpointContainer#0-0-C-1] ERROR o.s.k.listener.DefaultErrorHandler - Backoff FixedBackOff{interval=0, currentAttempts=1, maxAttempts=0} exhausted for solution.approved-0@64
org.springframework.kafka.listener.ListenerExecutionFailedException: Listener failed
	at org.springframework.kafka.listener.KafkaMessageListenerContainer$ListenerConsumer.decorateException(KafkaMessageListenerContainer.java:2930)
	at org.springframework.kafka.listener.KafkaMessageListenerContainer$ListenerConsumer.checkDeser(KafkaMessageListenerContainer.java:2978)
	at org.springframework.kafka.listener.KafkaMessageListenerContainer$ListenerConsumer.invokeOnMessage(KafkaMessageListenerContainer.java:2830)
	at org.springframework.kafka.listener.KafkaMessageListenerContainer$ListenerConsumer.lambda$doInvokeRecordListener$56(KafkaMessageListenerContainer.java:2753)
	at io.micrometer.observation.Observation.observe(Observation.java:565)
	at org.springframework.kafka.listener.KafkaMessageListenerContainer$ListenerConsumer.doInvokeRecordListener(KafkaMessageListenerContainer.java:2751)
	at org.springframework.kafka.listener.KafkaMessageListenerContainer$ListenerConsumer.doInvokeWithRecords(KafkaMessageListenerContainer.java:2604)
	at org.springframework.kafka.listener.KafkaMessageListenerContainer$ListenerConsumer.invokeRecordListener(KafkaMessageListenerContainer.java:2490)
	at org.springframework.kafka.listener.KafkaMessageListenerContainer$ListenerConsumer.invokeListener(KafkaMessageListenerContainer.java:2132)
	at org.springframework.kafka.listener.KafkaMessageListenerContainer$ListenerConsumer.invokeIfHaveRecords(KafkaMessageListenerContainer.java:1487)
	at org.springframework.kafka.listener.KafkaMessageListenerContainer$ListenerConsumer.pollAndInvoke(KafkaMessageListenerContainer.java:1451)
	at org.springframework.kafka.listener.KafkaMessageListenerContainer$ListenerConsumer.run(KafkaMessageListenerContainer.java:1322)
	at java.base/java.util.concurrent.CompletableFuture$AsyncRun.run(CompletableFuture.java:1804)
	at java.base/java.lang.Thread.run(Thread.java:1583)
Caused by: org.springframework.kafka.support.serializer.DeserializationException: failed to deserialize
	at org.springframework.kafka.support.serializer.SerializationUtils.deserializationException(SerializationUtils.java:158)
	at org.springframework.kafka.support.serializer.ErrorHandlingDeserializer.deserialize(ErrorHandlingDeserializer.java:218)
	at org.apache.kafka.common.serialization.Deserializer.deserialize(Deserializer.java:73)
	at org.apache.kafka.clients.consumer.internals.CompletedFetch.parseRecord(CompletedFetch.java:300)
	at org.apache.kafka.clients.consumer.internals.CompletedFetch.fetchRecords(CompletedFetch.java:263)
	at org.apache.kafka.clients.consumer.internals.AbstractFetch.fetchRecords(AbstractFetch.java:340)
	at org.apache.kafka.clients.consumer.internals.AbstractFetch.collectFetch(AbstractFetch.java:306)
	at org.apache.kafka.clients.consumer.KafkaConsumer.pollForFetches(KafkaConsumer.java:1262)
	at org.apache.kafka.clients.consumer.KafkaConsumer.poll(KafkaConsumer.java:1186)
	at org.apache.kafka.clients.consumer.KafkaConsumer.poll(KafkaConsumer.java:1159)
	at org.springframework.kafka.listener.KafkaMessageListenerContainer$ListenerConsumer.pollConsumer(KafkaMessageListenerContainer.java:1658)
	at org.springframework.kafka.listener.KafkaMessageListenerContainer$ListenerConsumer.doPoll(KafkaMessageListenerContainer.java:1633)
	at org.springframework.kafka.listener.KafkaMessageListenerContainer$ListenerConsumer.pollAndInvoke(KafkaMessageListenerContainer.java:1430)
	... 3 common frames omitted
Caused by: java.lang.IllegalStateException: No type information in headers and no default type provided
	at org.springframework.util.Assert.state(Assert.java:76)
	at org.springframework.kafka.support.serializer.JsonDeserializer.deserialize(JsonDeserializer.java:583)
	at org.springframework.kafka.support.serializer.ErrorHandlingDeserializer.deserialize(ErrorHandlingDeserializer.java:215)
	... 14 common frames omitted
2026-05-12 14:33:07 [org.springframework.kafka.KafkaListenerEndpointContainer#0-0-C-1] INFO  o.s.k.c.DefaultKafkaConsumerFactory$ExtendedKafkaConsumer - [Consumer clientId=consumer-knowledge-service-group-1, groupId=knowledge-service-group] Seeking to offset 65 for partition solution.approved-0
2026-05-12 14:33:08 [org.springframework.kafka.KafkaListenerEndpointContainer#0-0-C-1] INFO  c.c.k.kafka.SolutionApprovedConsumer - Received solution.approved event for solution: 94469df0-35e3-495c-9d03-942ff0b03b49
2026-05-12 14:33:08 [org.springframework.kafka.KafkaListenerEndpointContainer#0-0-C-1] DEBUG org.hibernate.SQL - 
    select
        ka1_0.article_id 
    from
        knowledge_articles ka1_0 
    where
        ka1_0.solution_id=? 
        and not(ka1_0.deleted) 
    fetch
        first ? rows only
2026-05-12 14:33:08 [org.springframework.kafka.KafkaListenerEndpointContainer#0-0-C-1] DEBUG org.hibernate.SQL - 
    insert 
    into
        knowledge_articles
        (category_id, content, created_at, created_by, deleted, solution_id, status, ticket_id, title, updated_at, version, visibility, article_id) 
    values
        (?, ?, ?, ?, ?, ?, ?, ?, ?, ?, ?, ?, ?)
2026-05-12 14:33:08 [org.springframework.kafka.KafkaListenerEndpointContainer#0-0-C-1] INFO  c.c.k.kafka.SolutionApprovedConsumer - Created DRAFT knowledge article 9737b024-ae2d-4bb7-a6cf-1ffe0a4690a6 from approved solution: 94469df0-35e3-495c-9d03-942ff0b03b49
2026-05-12 14:33:27 [http-nio-8085-exec-9] DEBUG o.s.security.web.FilterChainProxy - Securing GET /api/knowledge?page=0&size=5
2026-05-12 14:33:27 [http-nio-8085-exec-9] DEBUG o.s.security.web.FilterChainProxy - Secured GET /api/knowledge?page=0&size=5
2026-05-12 14:33:27 [http-nio-8085-exec-9] DEBUG org.hibernate.SQL - 
    select
        ka1_0.article_id,
        ka1_0.category_id,
        ka1_0.content,
        ka1_0.created_at,
        ka1_0.created_by,
        ka1_0.deleted,
        ka1_0.solution_id,
        ka1_0.status,
        ka1_0.ticket_id,
        ka1_0.title,
        ka1_0.updated_at,
        ka1_0.version,
        ka1_0.visibility 
    from
        knowledge_articles ka1_0 
    where
        not(ka1_0.deleted) 
    order by
        ka1_0.created_at desc 
    offset
        ? rows 
    fetch
        first ? rows only
2026-05-12 14:33:27 [http-nio-8085-exec-9] DEBUG org.hibernate.SQL - 
    select
        count(ka1_0.article_id) 
    from
        knowledge_articles ka1_0 
    where
        not(ka1_0.deleted)
2026-05-12 14:33:27 [http-nio-8085-exec-9] DEBUG org.hibernate.SQL - 
    select
        t1_0.article_id,
        t1_1.tag_id,
        t1_1.created_at,
        t1_1.tag_name 
    from
        article_tags t1_0 
    join
        knowledge_tags t1_1 
            on t1_1.tag_id=t1_0.tag_id 
    where
        t1_0.article_id=?
2026-05-12 14:33:27 [http-nio-8085-exec-9] DEBUG org.hibernate.SQL - 
    select
        avg(kr1_0.rating) 
    from
        knowledge_ratings kr1_0 
    where
        kr1_0.article_id=?
2026-05-12 14:33:27 [http-nio-8085-exec-9] DEBUG org.hibernate.SQL - 
    select
        count(kv1_0.view_id) 
    from
        knowledge_views kv1_0 
    where
        kv1_0.article_id=?
2026-05-12 14:33:27 [http-nio-8085-exec-9] DEBUG org.hibernate.SQL - 
    select
        t1_0.article_id,
        t1_1.tag_id,
        t1_1.created_at,
        t1_1.tag_name 
    from
        article_tags t1_0 
    join
        knowledge_tags t1_1 
            on t1_1.tag_id=t1_0.tag_id 
    where
        t1_0.article_id=?
2026-05-12 14:33:27 [http-nio-8085-exec-9] DEBUG org.hibernate.SQL - 
    select
        avg(kr1_0.rating) 
    from
        knowledge_ratings kr1_0 
    where
        kr1_0.article_id=?
2026-05-12 14:33:27 [http-nio-8085-exec-9] DEBUG org.hibernate.SQL - 
    select
        count(kv1_0.view_id) 
    from
        knowledge_views kv1_0 
    where
        kv1_0.article_id=?
2026-05-12 14:33:27 [http-nio-8085-exec-9] DEBUG org.hibernate.SQL - 
    select
        t1_0.article_id,
        t1_1.tag_id,
        t1_1.created_at,
        t1_1.tag_name 
    from
        article_tags t1_0 
    join
        knowledge_tags t1_1 
            on t1_1.tag_id=t1_0.tag_id 
    where
        t1_0.article_id=?
2026-05-12 14:33:27 [http-nio-8085-exec-9] DEBUG org.hibernate.SQL - 
    select
        avg(kr1_0.rating) 
    from
        knowledge_ratings kr1_0 
    where
        kr1_0.article_id=?
2026-05-12 14:33:27 [http-nio-8085-exec-9] DEBUG org.hibernate.SQL - 
    select
        count(kv1_0.view_id) 
    from
        knowledge_views kv1_0 
    where
        kv1_0.article_id=?
2026-05-12 14:33:27 [http-nio-8085-exec-9] DEBUG org.hibernate.SQL - 
    select
        t1_0.article_id,
        t1_1.tag_id,
        t1_1.created_at,
        t1_1.tag_name 
    from
        article_tags t1_0 
    join
        knowledge_tags t1_1 
            on t1_1.tag_id=t1_0.tag_id 
    where
        t1_0.article_id=?
2026-05-12 14:33:27 [http-nio-8085-exec-9] DEBUG org.hibernate.SQL - 
    select
        avg(kr1_0.rating) 
    from
        knowledge_ratings kr1_0 
    where
        kr1_0.article_id=?
2026-05-12 14:33:27 [http-nio-8085-exec-9] DEBUG org.hibernate.SQL - 
    select
        count(kv1_0.view_id) 
    from
        knowledge_views kv1_0 
    where
        kv1_0.article_id=?
2026-05-12 14:33:27 [http-nio-8085-exec-9] DEBUG org.hibernate.SQL - 
    select
        t1_0.article_id,
        t1_1.tag_id,
        t1_1.created_at,
        t1_1.tag_name 
    from
        article_tags t1_0 
    join
        knowledge_tags t1_1 
            on t1_1.tag_id=t1_0.tag_id 
    where
        t1_0.article_id=?
2026-05-12 14:33:27 [http-nio-8085-exec-9] DEBUG org.hibernate.SQL - 
    select
        avg(kr1_0.rating) 
    from
        knowledge_ratings kr1_0 
    where
        kr1_0.article_id=?
2026-05-12 14:33:27 [http-nio-8085-exec-9] DEBUG org.hibernate.SQL - 
    select
        count(kv1_0.view_id) 
    from
        knowledge_views kv1_0 
    where
        kv1_0.article_id=?
2026-05-12 14:34:23 [org.springframework.kafka.KafkaListenerEndpointContainer#0-0-C-1] INFO  c.c.k.kafka.SolutionApprovedConsumer - Received solution.approved event for solution: e9cbece0-3ce7-4203-ac02-58061b2081bd
2026-05-12 14:34:23 [org.springframework.kafka.KafkaListenerEndpointContainer#0-0-C-1] DEBUG org.hibernate.SQL - 
    select
        ka1_0.article_id 
    from
        knowledge_articles ka1_0 
    where
        ka1_0.solution_id=? 
        and not(ka1_0.deleted) 
    fetch
        first ? rows only
2026-05-12 14:34:23 [org.springframework.kafka.KafkaListenerEndpointContainer#0-0-C-1] DEBUG org.hibernate.SQL - 
    insert 
    into
        knowledge_articles
        (category_id, content, created_at, created_by, deleted, solution_id, status, ticket_id, title, updated_at, version, visibility, article_id) 
    values
        (?, ?, ?, ?, ?, ?, ?, ?, ?, ?, ?, ?, ?)
2026-05-12 14:34:23 [org.springframework.kafka.KafkaListenerEndpointContainer#0-0-C-1] INFO  c.c.k.kafka.SolutionApprovedConsumer - Created DRAFT knowledge article 011ca400-4574-47ed-879f-fe50f5d20aac from approved solution: e9cbece0-3ce7-4203-ac02-58061b2081bd
2026-05-12 14:34:23 [org.springframework.kafka.KafkaListenerEndpointContainer#0-0-C-1] ERROR o.s.k.listener.DefaultErrorHandler - Backoff FixedBackOff{interval=0, currentAttempts=1, maxAttempts=0} exhausted for solution.approved-0@67
org.springframework.kafka.listener.ListenerExecutionFailedException: Listener failed
	at org.springframework.kafka.listener.KafkaMessageListenerContainer$ListenerConsumer.decorateException(KafkaMessageListenerContainer.java:2930)
	at org.springframework.kafka.listener.KafkaMessageListenerContainer$ListenerConsumer.checkDeser(KafkaMessageListenerContainer.java:2978)
	at org.springframework.kafka.listener.KafkaMessageListenerContainer$ListenerConsumer.invokeOnMessage(KafkaMessageListenerContainer.java:2830)
	at org.springframework.kafka.listener.KafkaMessageListenerContainer$ListenerConsumer.lambda$doInvokeRecordListener$56(KafkaMessageListenerContainer.java:2753)
	at io.micrometer.observation.Observation.observe(Observation.java:565)
	at org.springframework.kafka.listener.KafkaMessageListenerContainer$ListenerConsumer.doInvokeRecordListener(KafkaMessageListenerContainer.java:2751)
	at org.springframework.kafka.listener.KafkaMessageListenerContainer$ListenerConsumer.doInvokeWithRecords(KafkaMessageListenerContainer.java:2604)
	at org.springframework.kafka.listener.KafkaMessageListenerContainer$ListenerConsumer.invokeRecordListener(KafkaMessageListenerContainer.java:2490)
	at org.springframework.kafka.listener.KafkaMessageListenerContainer$ListenerConsumer.invokeListener(KafkaMessageListenerContainer.java:2132)
	at org.springframework.kafka.listener.KafkaMessageListenerContainer$ListenerConsumer.invokeIfHaveRecords(KafkaMessageListenerContainer.java:1487)
	at org.springframework.kafka.listener.KafkaMessageListenerContainer$ListenerConsumer.pollAndInvoke(KafkaMessageListenerContainer.java:1451)
	at org.springframework.kafka.listener.KafkaMessageListenerContainer$ListenerConsumer.run(KafkaMessageListenerContainer.java:1322)
	at java.base/java.util.concurrent.CompletableFuture$AsyncRun.run(CompletableFuture.java:1804)
	at java.base/java.lang.Thread.run(Thread.java:1583)
Caused by: org.springframework.kafka.support.serializer.DeserializationException: failed to deserialize
	at org.springframework.kafka.support.serializer.SerializationUtils.deserializationException(SerializationUtils.java:158)
	at org.springframework.kafka.support.serializer.ErrorHandlingDeserializer.deserialize(ErrorHandlingDeserializer.java:218)
	at org.apache.kafka.common.serialization.Deserializer.deserialize(Deserializer.java:73)
	at org.apache.kafka.clients.consumer.internals.CompletedFetch.parseRecord(CompletedFetch.java:300)
	at org.apache.kafka.clients.consumer.internals.CompletedFetch.fetchRecords(CompletedFetch.java:263)
	at org.apache.kafka.clients.consumer.internals.AbstractFetch.fetchRecords(AbstractFetch.java:340)
	at org.apache.kafka.clients.consumer.internals.AbstractFetch.collectFetch(AbstractFetch.java:306)
	at org.apache.kafka.clients.consumer.KafkaConsumer.pollForFetches(KafkaConsumer.java:1235)
	at org.apache.kafka.clients.consumer.KafkaConsumer.poll(KafkaConsumer.java:1186)
	at org.apache.kafka.clients.consumer.KafkaConsumer.poll(KafkaConsumer.java:1159)
	at org.springframework.kafka.listener.KafkaMessageListenerContainer$ListenerConsumer.pollConsumer(KafkaMessageListenerContainer.java:1658)
	at org.springframework.kafka.listener.KafkaMessageListenerContainer$ListenerConsumer.doPoll(KafkaMessageListenerContainer.java:1633)
	at org.springframework.kafka.listener.KafkaMessageListenerContainer$ListenerConsumer.pollAndInvoke(KafkaMessageListenerContainer.java:1430)
	... 3 common frames omitted
Caused by: java.lang.IllegalStateException: No type information in headers and no default type provided
	at org.springframework.util.Assert.state(Assert.java:76)
	at org.springframework.kafka.support.serializer.JsonDeserializer.deserialize(JsonDeserializer.java:583)
	at org.springframework.kafka.support.serializer.ErrorHandlingDeserializer.deserialize(ErrorHandlingDeserializer.java:215)
	... 14 common frames omitted
2026-05-12 14:34:23 [http-nio-8085-exec-10] DEBUG o.s.security.web.FilterChainProxy - Securing GET /api/knowledge?page=0&size=1
2026-05-12 14:34:23 [http-nio-8085-exec-10] DEBUG o.s.security.web.FilterChainProxy - Secured GET /api/knowledge?page=0&size=1
2026-05-12 14:34:23 [http-nio-8085-exec-10] DEBUG org.hibernate.SQL - 
    select
        ka1_0.article_id,
        ka1_0.category_id,
        ka1_0.content,
        ka1_0.created_at,
        ka1_0.created_by,
        ka1_0.deleted,
        ka1_0.solution_id,
        ka1_0.status,
        ka1_0.ticket_id,
        ka1_0.title,
        ka1_0.updated_at,
        ka1_0.version,
        ka1_0.visibility 
    from
        knowledge_articles ka1_0 
    where
        not(ka1_0.deleted) 
    order by
        ka1_0.created_at desc 
    offset
        ? rows 
    fetch
        first ? rows only
2026-05-12 14:34:23 [http-nio-8085-exec-10] DEBUG org.hibernate.SQL - 
    select
        count(ka1_0.article_id) 
    from
        knowledge_articles ka1_0 
    where
        not(ka1_0.deleted)
2026-05-12 14:34:23 [http-nio-8085-exec-10] DEBUG org.hibernate.SQL - 
    select
        t1_0.article_id,
        t1_1.tag_id,
        t1_1.created_at,
        t1_1.tag_name 
    from
        article_tags t1_0 
    join
        knowledge_tags t1_1 
            on t1_1.tag_id=t1_0.tag_id 
    where
        t1_0.article_id=?
2026-05-12 14:34:23 [http-nio-8085-exec-10] DEBUG org.hibernate.SQL - 
    select
        avg(kr1_0.rating) 
    from
        knowledge_ratings kr1_0 
    where
        kr1_0.article_id=?
2026-05-12 14:34:23 [http-nio-8085-exec-10] DEBUG org.hibernate.SQL - 
    select
        count(kv1_0.view_id) 
    from
        knowledge_views kv1_0 
    where
        kv1_0.article_id=?
2026-05-12 14:34:43 [http-nio-8085-exec-1] DEBUG o.s.security.web.FilterChainProxy - Securing GET /api/knowledge?page=0&size=1
2026-05-12 14:34:43 [http-nio-8085-exec-1] DEBUG o.s.security.web.FilterChainProxy - Secured GET /api/knowledge?page=0&size=1
2026-05-12 14:34:43 [http-nio-8085-exec-1] DEBUG org.hibernate.SQL - 
    select
        ka1_0.article_id,
        ka1_0.category_id,
        ka1_0.content,
        ka1_0.created_at,
        ka1_0.created_by,
        ka1_0.deleted,
        ka1_0.solution_id,
        ka1_0.status,
        ka1_0.ticket_id,
        ka1_0.title,
        ka1_0.updated_at,
        ka1_0.version,
        ka1_0.visibility 
    from
        knowledge_articles ka1_0 
    where
        not(ka1_0.deleted) 
    order by
        ka1_0.created_at desc 
    offset
        ? rows 
    fetch
        first ? rows only
2026-05-12 14:34:43 [http-nio-8085-exec-1] DEBUG org.hibernate.SQL - 
    select
        count(ka1_0.article_id) 
    from
        knowledge_articles ka1_0 
    where
        not(ka1_0.deleted)
2026-05-12 14:34:43 [http-nio-8085-exec-1] DEBUG org.hibernate.SQL - 
    select
        t1_0.article_id,
        t1_1.tag_id,
        t1_1.created_at,
        t1_1.tag_name 
    from
        article_tags t1_0 
    join
        knowledge_tags t1_1 
            on t1_1.tag_id=t1_0.tag_id 
    where
        t1_0.article_id=?
2026-05-12 14:34:43 [http-nio-8085-exec-1] DEBUG org.hibernate.SQL - 
    select
        avg(kr1_0.rating) 
    from
        knowledge_ratings kr1_0 
    where
        kr1_0.article_id=?
2026-05-12 14:34:43 [http-nio-8085-exec-1] DEBUG org.hibernate.SQL - 
    select
        count(kv1_0.view_id) 
    from
        knowledge_views kv1_0 
    where
        kv1_0.article_id=?
2026-05-12 14:34:43 [http-nio-8085-exec-2] DEBUG o.s.security.web.FilterChainProxy - Securing GET /api/knowledge?page=0&size=5
2026-05-12 14:34:43 [http-nio-8085-exec-2] DEBUG o.s.security.web.FilterChainProxy - Secured GET /api/knowledge?page=0&size=5
2026-05-12 14:34:43 [http-nio-8085-exec-2] DEBUG org.hibernate.SQL - 
    select
        ka1_0.article_id,
        ka1_0.category_id,
        ka1_0.content,
        ka1_0.created_at,
        ka1_0.created_by,
        ka1_0.deleted,
        ka1_0.solution_id,
        ka1_0.status,
        ka1_0.ticket_id,
        ka1_0.title,
        ka1_0.updated_at,
        ka1_0.version,
        ka1_0.visibility 
    from
        knowledge_articles ka1_0 
    where
        not(ka1_0.deleted) 
    order by
        ka1_0.created_at desc 
    offset
        ? rows 
    fetch
        first ? rows only
2026-05-12 14:34:43 [http-nio-8085-exec-2] DEBUG org.hibernate.SQL - 
    select
        count(ka1_0.article_id) 
    from
        knowledge_articles ka1_0 
    where
        not(ka1_0.deleted)
2026-05-12 14:34:43 [http-nio-8085-exec-2] DEBUG org.hibernate.SQL - 
    select
        t1_0.article_id,
        t1_1.tag_id,
        t1_1.created_at,
        t1_1.tag_name 
    from
        article_tags t1_0 
    join
        knowledge_tags t1_1 
            on t1_1.tag_id=t1_0.tag_id 
    where
        t1_0.article_id=?
2026-05-12 14:34:43 [http-nio-8085-exec-2] DEBUG org.hibernate.SQL - 
    select
        avg(kr1_0.rating) 
    from
        knowledge_ratings kr1_0 
    where
        kr1_0.article_id=?
2026-05-12 14:34:43 [http-nio-8085-exec-2] DEBUG org.hibernate.SQL - 
    select
        count(kv1_0.view_id) 
    from
        knowledge_views kv1_0 
    where
        kv1_0.article_id=?
2026-05-12 14:34:43 [http-nio-8085-exec-2] DEBUG org.hibernate.SQL - 
    select
        t1_0.article_id,
        t1_1.tag_id,
        t1_1.created_at,
        t1_1.tag_name 
    from
        article_tags t1_0 
    join
        knowledge_tags t1_1 
            on t1_1.tag_id=t1_0.tag_id 
    where
        t1_0.article_id=?
2026-05-12 14:34:43 [http-nio-8085-exec-2] DEBUG org.hibernate.SQL - 
    select
        avg(kr1_0.rating) 
    from
        knowledge_ratings kr1_0 
    where
        kr1_0.article_id=?
2026-05-12 14:34:43 [http-nio-8085-exec-2] DEBUG org.hibernate.SQL - 
    select
        count(kv1_0.view_id) 
    from
        knowledge_views kv1_0 
    where
        kv1_0.article_id=?
2026-05-12 14:34:43 [http-nio-8085-exec-2] DEBUG org.hibernate.SQL - 
    select
        t1_0.article_id,
        t1_1.tag_id,
        t1_1.created_at,
        t1_1.tag_name 
    from
        article_tags t1_0 
    join
        knowledge_tags t1_1 
            on t1_1.tag_id=t1_0.tag_id 
    where
        t1_0.article_id=?
2026-05-12 14:34:43 [http-nio-8085-exec-2] DEBUG org.hibernate.SQL - 
    select
        avg(kr1_0.rating) 
    from
        knowledge_ratings kr1_0 
    where
        kr1_0.article_id=?
2026-05-12 14:34:43 [http-nio-8085-exec-2] DEBUG org.hibernate.SQL - 
    select
        count(kv1_0.view_id) 
    from
        knowledge_views kv1_0 
    where
        kv1_0.article_id=?
2026-05-12 14:34:43 [http-nio-8085-exec-2] DEBUG org.hibernate.SQL - 
    select
        t1_0.article_id,
        t1_1.tag_id,
        t1_1.created_at,
        t1_1.tag_name 
    from
        article_tags t1_0 
    join
        knowledge_tags t1_1 
            on t1_1.tag_id=t1_0.tag_id 
    where
        t1_0.article_id=?
2026-05-12 14:34:43 [http-nio-8085-exec-2] DEBUG org.hibernate.SQL - 
    select
        avg(kr1_0.rating) 
    from
        knowledge_ratings kr1_0 
    where
        kr1_0.article_id=?
2026-05-12 14:34:43 [http-nio-8085-exec-2] DEBUG org.hibernate.SQL - 
    select
        count(kv1_0.view_id) 
    from
        knowledge_views kv1_0 
    where
        kv1_0.article_id=?
2026-05-12 14:34:43 [http-nio-8085-exec-2] DEBUG org.hibernate.SQL - 
    select
        t1_0.article_id,
        t1_1.tag_id,
        t1_1.created_at,
        t1_1.tag_name 
    from
        article_tags t1_0 
    join
        knowledge_tags t1_1 
            on t1_1.tag_id=t1_0.tag_id 
    where
        t1_0.article_id=?
2026-05-12 14:34:43 [http-nio-8085-exec-2] DEBUG org.hibernate.SQL - 
    select
        avg(kr1_0.rating) 
    from
        knowledge_ratings kr1_0 
    where
        kr1_0.article_id=?
2026-05-12 14:34:43 [http-nio-8085-exec-2] DEBUG org.hibernate.SQL - 
    select
        count(kv1_0.view_id) 
    from
        knowledge_views kv1_0 
    where
        kv1_0.article_id=?
2026-05-12 14:40:34 [org.springframework.kafka.KafkaListenerEndpointContainer#1-0-C-1] INFO  o.a.k.c.c.i.ConsumerCoordinator - [Consumer clientId=consumer-knowledge-service-group-2, groupId=knowledge-service-group] Revoke previously assigned partitions ticket.resolved-0
2026-05-12 14:40:34 [org.springframework.kafka.KafkaListenerEndpointContainer#0-0-C-1] INFO  o.a.k.c.c.i.ConsumerCoordinator - [Consumer clientId=consumer-knowledge-service-group-1, groupId=knowledge-service-group] Revoke previously assigned partitions solution.approved-0, solution.approved-1, solution.approved-2
2026-05-12 14:40:34 [org.springframework.kafka.KafkaListenerEndpointContainer#0-0-C-1] INFO  o.s.k.l.KafkaMessageListenerContainer - knowledge-service-group: partitions revoked: [solution.approved-0, solution.approved-1, solution.approved-2]
2026-05-12 14:40:34 [org.springframework.kafka.KafkaListenerEndpointContainer#1-0-C-1] INFO  o.s.k.l.KafkaMessageListenerContainer - knowledge-service-group: partitions revoked: [ticket.resolved-0]
2026-05-12 14:40:34 [org.springframework.kafka.KafkaListenerEndpointContainer#1-0-C-1] INFO  o.a.k.c.c.i.ConsumerCoordinator - [Consumer clientId=consumer-knowledge-service-group-2, groupId=knowledge-service-group] Member consumer-knowledge-service-group-2-8be625a6-b839-4166-bf6f-20b852e7545e sending LeaveGroup request to coordinator localhost:9092 (id: 2147483646 rack: null) due to the consumer unsubscribed from all topics
2026-05-12 14:40:34 [org.springframework.kafka.KafkaListenerEndpointContainer#0-0-C-1] INFO  o.a.k.c.c.i.ConsumerCoordinator - [Consumer clientId=consumer-knowledge-service-group-1, groupId=knowledge-service-group] Member consumer-knowledge-service-group-1-7e626088-e1da-445a-b283-d26b97b5f04a sending LeaveGroup request to coordinator localhost:9092 (id: 2147483646 rack: null) due to the consumer unsubscribed from all topics
2026-05-12 14:40:34 [org.springframework.kafka.KafkaListenerEndpointContainer#0-0-C-1] INFO  o.a.k.c.c.i.ConsumerCoordinator - [Consumer clientId=consumer-knowledge-service-group-1, groupId=knowledge-service-group] Resetting generation and member id due to: consumer pro-actively leaving the group
2026-05-12 14:40:34 [org.springframework.kafka.KafkaListenerEndpointContainer#1-0-C-1] INFO  o.a.k.c.c.i.ConsumerCoordinator - [Consumer clientId=consumer-knowledge-service-group-2, groupId=knowledge-service-group] Resetting generation and member id due to: consumer pro-actively leaving the group
2026-05-12 14:40:34 [org.springframework.kafka.KafkaListenerEndpointContainer#0-0-C-1] INFO  o.a.k.c.c.i.ConsumerCoordinator - [Consumer clientId=consumer-knowledge-service-group-1, groupId=knowledge-service-group] Request joining group due to: consumer pro-actively leaving the group
2026-05-12 14:40:34 [org.springframework.kafka.KafkaListenerEndpointContainer#1-0-C-1] INFO  o.a.k.c.c.i.ConsumerCoordinator - [Consumer clientId=consumer-knowledge-service-group-2, groupId=knowledge-service-group] Request joining group due to: consumer pro-actively leaving the group
2026-05-12 14:40:34 [org.springframework.kafka.KafkaListenerEndpointContainer#0-0-C-1] INFO  o.s.k.c.DefaultKafkaConsumerFactory$ExtendedKafkaConsumer - [Consumer clientId=consumer-knowledge-service-group-1, groupId=knowledge-service-group] Unsubscribed all topics or patterns and assigned partitions
2026-05-12 14:40:34 [org.springframework.kafka.KafkaListenerEndpointContainer#1-0-C-1] INFO  o.s.k.c.DefaultKafkaConsumerFactory$ExtendedKafkaConsumer - [Consumer clientId=consumer-knowledge-service-group-2, groupId=knowledge-service-group] Unsubscribed all topics or patterns and assigned partitions
2026-05-12 14:40:34 [org.springframework.kafka.KafkaListenerEndpointContainer#0-0-C-1] INFO  o.a.k.c.c.i.ConsumerCoordinator - [Consumer clientId=consumer-knowledge-service-group-1, groupId=knowledge-service-group] Resetting generation and member id due to: consumer pro-actively leaving the group
2026-05-12 14:40:34 [org.springframework.kafka.KafkaListenerEndpointContainer#1-0-C-1] INFO  o.a.k.c.c.i.ConsumerCoordinator - [Consumer clientId=consumer-knowledge-service-group-2, groupId=knowledge-service-group] Resetting generation and member id due to: consumer pro-actively leaving the group
2026-05-12 14:40:34 [org.springframework.kafka.KafkaListenerEndpointContainer#0-0-C-1] INFO  o.a.k.c.c.i.ConsumerCoordinator - [Consumer clientId=consumer-knowledge-service-group-1, groupId=knowledge-service-group] Request joining group due to: consumer pro-actively leaving the group
2026-05-12 14:40:34 [org.springframework.kafka.KafkaListenerEndpointContainer#1-0-C-1] INFO  o.a.k.c.c.i.ConsumerCoordinator - [Consumer clientId=consumer-knowledge-service-group-2, groupId=knowledge-service-group] Request joining group due to: consumer pro-actively leaving the group
2026-05-12 14:40:34 [org.springframework.kafka.KafkaListenerEndpointContainer#1-0-C-1] INFO  o.apache.kafka.clients.NetworkClient - [Consumer clientId=consumer-knowledge-service-group-2, groupId=knowledge-service-group] Node 2147483646 disconnected.
2026-05-12 14:40:34 [org.springframework.kafka.KafkaListenerEndpointContainer#1-0-C-1] INFO  o.apache.kafka.clients.NetworkClient - [Consumer clientId=consumer-knowledge-service-group-2, groupId=knowledge-service-group] Node 1 disconnected.
2026-05-12 14:40:34 [org.springframework.kafka.KafkaListenerEndpointContainer#1-0-C-1] INFO  o.apache.kafka.clients.NetworkClient - [Consumer clientId=consumer-knowledge-service-group-2, groupId=knowledge-service-group] Cancelled in-flight FETCH request with correlation id 2295 due to node 1 being disconnected (elapsed time since creation: 301ms, elapsed time since send: 301ms, request timeout: 30000ms)
2026-05-12 14:40:34 [org.springframework.kafka.KafkaListenerEndpointContainer#1-0-C-1] INFO  o.apache.kafka.clients.NetworkClient - [Consumer clientId=consumer-knowledge-service-group-2, groupId=knowledge-service-group] Cancelled in-flight FETCH request with correlation id 2297 due to node 1 being disconnected (elapsed time since creation: 105ms, elapsed time since send: 105ms, request timeout: 30000ms)
2026-05-12 14:40:34 [org.springframework.kafka.KafkaListenerEndpointContainer#1-0-C-1] INFO  o.apache.kafka.clients.NetworkClient - [Consumer clientId=consumer-knowledge-service-group-2, groupId=knowledge-service-group] Cancelled in-flight METADATA request with correlation id 2298 due to node 1 being disconnected (elapsed time since creation: 0ms, elapsed time since send: 0ms, request timeout: 30000ms)
2026-05-12 14:40:34 [org.springframework.kafka.KafkaListenerEndpointContainer#1-0-C-1] INFO  o.a.k.clients.FetchSessionHandler - [Consumer clientId=consumer-knowledge-service-group-2, groupId=knowledge-service-group] Error sending fetch request (sessionId=10343413, epoch=FINAL) to node 1:
org.apache.kafka.common.errors.DisconnectException: null
2026-05-12 14:40:34 [org.springframework.kafka.KafkaListenerEndpointContainer#1-0-C-1] INFO  o.a.kafka.common.metrics.Metrics - Metrics scheduler closed
2026-05-12 14:40:34 [org.springframework.kafka.KafkaListenerEndpointContainer#1-0-C-1] INFO  o.a.kafka.common.metrics.Metrics - Closing reporter org.apache.kafka.common.metrics.JmxReporter
2026-05-12 14:40:34 [org.springframework.kafka.KafkaListenerEndpointContainer#1-0-C-1] INFO  o.a.kafka.common.metrics.Metrics - Metrics reporters closed
2026-05-12 14:40:34 [org.springframework.kafka.KafkaListenerEndpointContainer#1-0-C-1] INFO  o.a.kafka.common.utils.AppInfoParser - App info kafka.consumer for consumer-knowledge-service-group-2 unregistered
2026-05-12 14:40:34 [org.springframework.kafka.KafkaListenerEndpointContainer#1-0-C-1] INFO  o.s.k.l.KafkaMessageListenerContainer - knowledge-service-group: Consumer stopped
2026-05-12 14:40:34 [org.springframework.kafka.KafkaListenerEndpointContainer#0-0-C-1] INFO  o.apache.kafka.clients.NetworkClient - [Consumer clientId=consumer-knowledge-service-group-1, groupId=knowledge-service-group] Node 1 disconnected.
2026-05-12 14:40:34 [org.springframework.kafka.KafkaListenerEndpointContainer#0-0-C-1] INFO  o.apache.kafka.clients.NetworkClient - [Consumer clientId=consumer-knowledge-service-group-1, groupId=knowledge-service-group] Cancelled in-flight FETCH request with correlation id 2301 due to node 1 being disconnected (elapsed time since creation: 308ms, elapsed time since send: 308ms, request timeout: 30000ms)
2026-05-12 14:40:34 [org.springframework.kafka.KafkaListenerEndpointContainer#0-0-C-1] INFO  o.apache.kafka.clients.NetworkClient - [Consumer clientId=consumer-knowledge-service-group-1, groupId=knowledge-service-group] Cancelled in-flight FETCH request with correlation id 2303 due to node 1 being disconnected (elapsed time since creation: 112ms, elapsed time since send: 112ms, request timeout: 30000ms)
2026-05-12 14:40:34 [org.springframework.kafka.KafkaListenerEndpointContainer#0-0-C-1] INFO  o.apache.kafka.clients.NetworkClient - [Consumer clientId=consumer-knowledge-service-group-1, groupId=knowledge-service-group] Node 2147483646 disconnected.
2026-05-12 14:40:34 [org.springframework.kafka.KafkaListenerEndpointContainer#0-0-C-1] INFO  o.a.k.clients.FetchSessionHandler - [Consumer clientId=consumer-knowledge-service-group-1, groupId=knowledge-service-group] Error sending fetch request (sessionId=1618950333, epoch=FINAL) to node 1:
org.apache.kafka.common.errors.DisconnectException: null
2026-05-12 14:40:34 [org.springframework.kafka.KafkaListenerEndpointContainer#0-0-C-1] INFO  o.a.kafka.common.metrics.Metrics - Metrics scheduler closed
2026-05-12 14:40:34 [org.springframework.kafka.KafkaListenerEndpointContainer#0-0-C-1] INFO  o.a.kafka.common.metrics.Metrics - Closing reporter org.apache.kafka.common.metrics.JmxReporter
2026-05-12 14:40:34 [org.springframework.kafka.KafkaListenerEndpointContainer#0-0-C-1] INFO  o.a.kafka.common.metrics.Metrics - Metrics reporters closed
2026-05-12 14:40:34 [org.springframework.kafka.KafkaListenerEndpointContainer#0-0-C-1] INFO  o.a.kafka.common.utils.AppInfoParser - App info kafka.consumer for consumer-knowledge-service-group-1 unregistered
2026-05-12 14:40:34 [org.springframework.kafka.KafkaListenerEndpointContainer#0-0-C-1] INFO  o.s.k.l.KafkaMessageListenerContainer - knowledge-service-group: Consumer stopped
2026-05-12 14:40:34 [SpringApplicationShutdownHook] INFO  o.s.o.j.LocalContainerEntityManagerFactoryBean - Closing JPA EntityManagerFactory for persistence unit 'default'
2026-05-12 14:40:34 [SpringApplicationShutdownHook] INFO  com.zaxxer.hikari.HikariDataSource - HikariPool-1 - Shutdown initiated...
2026-05-12 14:40:34 [SpringApplicationShutdownHook] INFO  com.zaxxer.hikari.HikariDataSource - HikariPool-1 - Shutdown completed.
